Using pre-set license
Built from '2021.3/release' branch; Version is '2021.3.12f1 (8af3c3e441b1) revision 9106371'; Using compiler version '192829333'; Build Type 'Release'
OS: 'Windows 11  (10.0.22000) 64bit Core' Language: 'en' Physical Memory: 15715 MB
BatchMode: 1, IsHumanControllingUs: 0, StartBugReporterOnCrash: 0, Is64bit: 1, IsPro: 1

COMMAND LINE ARGUMENTS:
C:\Program Files\Unity\Hub\Editor\2021.3.12f1\Editor\Unity.exe
-adb2
-batchMode
-noUpm
-name
AssetImportWorker1
-projectPath
C:/Users/brieh/Documents/_IMGD 1001/Minesweeper-IMGD1001/Project
-logFile
Logs/AssetImportWorker1.log
-srvPort
51872
Successfully changed project path to: C:/Users/brieh/Documents/_IMGD 1001/Minesweeper-IMGD1001/Project
C:/Users/brieh/Documents/_IMGD 1001/Minesweeper-IMGD1001/Project
[UnityMemory] Configuration Parameters - Can be set up in boot.config
    "memorysetup-bucket-allocator-granularity=16"
    "memorysetup-bucket-allocator-bucket-count=8"
    "memorysetup-bucket-allocator-block-size=33554432"
    "memorysetup-bucket-allocator-block-count=8"
    "memorysetup-main-allocator-block-size=16777216"
    "memorysetup-thread-allocator-block-size=16777216"
    "memorysetup-gfx-main-allocator-block-size=16777216"
    "memorysetup-gfx-thread-allocator-block-size=16777216"
    "memorysetup-cache-allocator-block-size=4194304"
    "memorysetup-typetree-allocator-block-size=2097152"
    "memorysetup-profiler-bucket-allocator-granularity=16"
    "memorysetup-profiler-bucket-allocator-bucket-count=8"
    "memorysetup-profiler-bucket-allocator-block-size=33554432"
    "memorysetup-profiler-bucket-allocator-block-count=8"
    "memorysetup-profiler-allocator-block-size=16777216"
    "memorysetup-profiler-editor-allocator-block-size=1048576"
    "memorysetup-temp-allocator-size-main=16777216"
    "memorysetup-job-temp-allocator-block-size=2097152"
    "memorysetup-job-temp-allocator-block-size-background=1048576"
    "memorysetup-job-temp-allocator-reduction-small-platforms=262144"
    "memorysetup-temp-allocator-size-background-worker=32768"
    "memorysetup-temp-allocator-size-job-worker=262144"
    "memorysetup-temp-allocator-size-preload-manager=33554432"
    "memorysetup-temp-allocator-size-nav-mesh-worker=65536"
    "memorysetup-temp-allocator-size-audio-worker=65536"
    "memorysetup-temp-allocator-size-cloud-worker=32768"
    "memorysetup-temp-allocator-size-gi-baking-worker=262144"
    "memorysetup-temp-allocator-size-gfx=262144"
Refreshing native plugins compatible for Editor in 213.37 ms, found 4 plugins.
Preloading 0 native plugins for Editor in 0.00 ms.
Initialize engine version: 2021.3.12f1 (8af3c3e441b1)
[Subsystems] Discovering subsystems at path C:/Program Files/Unity/Hub/Editor/2021.3.12f1/Editor/Data/Resources/UnitySubsystems
[Subsystems] Discovering subsystems at path C:/Users/brieh/Documents/_IMGD 1001/Minesweeper-IMGD1001/Project/Assets
GfxDevice: creating device client; threaded=0; jobified=0
Direct3D:
    Version:  Direct3D 11.0 [level 11.1]
    Renderer: AMD Radeon(TM) Graphics (ID=0x1638)
    Vendor:   ATI
    VRAM:     7857 MB
    Driver:   30.0.13036.2
Initialize mono
Mono path[0] = 'C:/Program Files/Unity/Hub/Editor/2021.3.12f1/Editor/Data/Managed'
Mono path[1] = 'C:/Program Files/Unity/Hub/Editor/2021.3.12f1/Editor/Data/MonoBleedingEdge/lib/mono/unityjit-win32'
Mono config path = 'C:/Program Files/Unity/Hub/Editor/2021.3.12f1/Editor/Data/MonoBleedingEdge/etc'
Using monoOptions --debugger-agent=transport=dt_socket,embedding=1,server=y,suspend=n,address=127.0.0.1:56360
Begin MonoManager ReloadAssembly
Registering precompiled unity dll's ...
Register platform support module: C:/Program Files/Unity/Hub/Editor/2021.3.12f1/Editor/Data/PlaybackEngines/WebGLSupport/UnityEditor.WebGL.Extensions.dll
Register platform support module: C:/Program Files/Unity/Hub/Editor/2021.3.12f1/Editor/Data/PlaybackEngines/WindowsStandaloneSupport/UnityEditor.WindowsStandalone.Extensions.dll
Registered in 0.011127 seconds.
Native extension for WindowsStandalone target not found
Native extension for WebGL target not found
Refreshing native plugins compatible for Editor in 233.97 ms, found 4 plugins.
Preloading 0 native plugins for Editor in 0.00 ms.
Mono: successfully reloaded assembly
- Completed reload, in  1.378 seconds
Domain Reload Profiling:
	ReloadAssembly (1379ms)
		BeginReloadAssembly (140ms)
			ExecutionOrderSort (0ms)
			DisableScriptedObjects (0ms)
			BackupInstance (0ms)
			ReleaseScriptingObjects (0ms)
			CreateAndSetChildDomain (2ms)
		EndReloadAssembly (1022ms)
			LoadAssemblies (135ms)
			RebuildTransferFunctionScriptingTraits (0ms)
			SetupTypeCache (186ms)
			ReleaseScriptCaches (0ms)
			RebuildScriptCaches (54ms)
			SetupLoadedEditorAssemblies (678ms)
				LogAssemblyErrors (0ms)
				InitializePlatformSupportModulesInManaged (18ms)
				SetLoadedEditorAssemblies (0ms)
				RefreshPlugins (234ms)
				BeforeProcessingInitializeOnLoad (3ms)
				ProcessInitializeOnLoadAttributes (323ms)
				ProcessInitializeOnLoadMethodAttributes (100ms)
				AfterProcessingInitializeOnLoad (0ms)
				EditorAssembliesLoaded (0ms)
			ExecutionOrderSort2 (0ms)
			AwakeInstancesAfterBackupRestoration (0ms)
Platform modules already initialized, skipping
Registering precompiled user dll's ...
Registered in 0.017477 seconds.
Begin MonoManager ReloadAssembly
Symbol file LoadedFromMemory doesn't match image C:\Users\brieh\Documents\_IMGD 1001\Minesweeper-IMGD1001\Project\Library\PackageCache\com.unity.visualscripting@1.7.8\Editor\VisualScripting.Core\Dependencies\YamlDotNet\Unity.VisualScripting.YamlDotNet.dll
Symbol file LoadedFromMemory doesn't match image C:\Users\brieh\Documents\_IMGD 1001\Minesweeper-IMGD1001\Project\Library\PackageCache\com.unity.visualscripting@1.7.8\Editor\VisualScripting.Core\Dependencies\DotNetZip\Unity.VisualScripting.IonicZip.dll
Native extension for WindowsStandalone target not found
Native extension for WebGL target not found
Refreshing native plugins compatible for Editor in 233.97 ms, found 4 plugins.
Preloading 0 native plugins for Editor in 0.00 ms.
Mono: successfully reloaded assembly
- Completed reload, in  2.983 seconds
Domain Reload Profiling:
	ReloadAssembly (2985ms)
		BeginReloadAssembly (220ms)
			ExecutionOrderSort (0ms)
			DisableScriptedObjects (13ms)
			BackupInstance (0ms)
			ReleaseScriptingObjects (0ms)
			CreateAndSetChildDomain (36ms)
		EndReloadAssembly (2506ms)
			LoadAssemblies (179ms)
			RebuildTransferFunctionScriptingTraits (0ms)
			SetupTypeCache (645ms)
			ReleaseScriptCaches (2ms)
			RebuildScriptCaches (160ms)
			SetupLoadedEditorAssemblies (1343ms)
				LogAssemblyErrors (0ms)
				InitializePlatformSupportModulesInManaged (14ms)
				SetLoadedEditorAssemblies (0ms)
				RefreshPlugins (234ms)
				BeforeProcessingInitializeOnLoad (275ms)
				ProcessInitializeOnLoadAttributes (682ms)
				ProcessInitializeOnLoadMethodAttributes (119ms)
				AfterProcessingInitializeOnLoad (17ms)
				EditorAssembliesLoaded (1ms)
			ExecutionOrderSort2 (0ms)
			AwakeInstancesAfterBackupRestoration (14ms)
Platform modules already initialized, skipping
========================================================================
Worker process is ready to serve import requests
Launched and connected shader compiler UnityShaderCompiler.exe after 0.06 seconds
Refreshing native plugins compatible for Editor in 2.16 ms, found 4 plugins.
Preloading 0 native plugins for Editor in 0.00 ms.
Unloading 4090 Unused Serialized files (Serialized files now loaded: 0)
Unloading 38 unused Assets / (56.6 KB). Loaded Objects now: 4546.
Memory consumption went from 153.9 MB to 153.8 MB.
Total: 8.052700 ms (FindLiveObjects: 0.508700 ms CreateObjectMapping: 0.350200 ms MarkObjects: 6.987500 ms  DeleteObjects: 0.204500 ms)

AssetImportParameters requested are different than current active one (requested -> active):
  custom:video-decoder-ogg-theora: a1e56fd34408186e4bbccfd4996cb3dc -> 
  custom:container-muxer-webm: aa71ff27fc2769a1b78a27578f13a17b -> 
  custom:container-demuxer-webm: 4f35f7cbe854078d1ac9338744f61a02 -> 
  custom:video-encoder-webm-vp8: eb34c28f22e8b96e1ab97ce403110664 -> 
  custom:video-codec-MediaFoundation-h265: 746d11721c4dcdbdad8f713fa42b33f4 -> 
  custom:audio-encoder-webm-vorbis: bf7c407c2cedff20999df2af8eb42d56 -> 
  custom:framework-win-MediaFoundation: 216162199b28c13a410421893ffa2e32 -> 
  custom:container-demuxer-ogg: 62fdf1f143b41e24485cea50d1cbac27 -> 
  custom:video-decoder-webm-vp8: 9c59270c3fd7afecdb556c50c9e8de78 -> 
  custom:audio-decoder-ogg-vorbis: bf7c407c2cedff20999df2af8eb42d56 -> 
========================================================================
Received Import Request.
  Time since last request: 365.699726 seconds.
  path: Assets/Scripts/AudioManager.cs
  artifactKey: Guid(8e9cc3ce6885bc247adc6c48950155ce) Importer(815301076,1909f56bfc062723c751e8b465ee728b)
Start importing Assets/Scripts/AudioManager.cs using Guid(8e9cc3ce6885bc247adc6c48950155ce) Importer(815301076,1909f56bfc062723c751e8b465ee728b)  -> (artifact id: '9983caefc215f0d8cb0877c8053781ea') in 0.057169 seconds 
========================================================================
Received Import Request.
  Time since last request: 85.929484 seconds.
  path: Assets/Audio/gravel3.ogg
  artifactKey: Guid(af1442f5000d5014c8450fa829a899c1) Importer(815301076,1909f56bfc062723c751e8b465ee728b)
Start importing Assets/Audio/gravel3.ogg using Guid(af1442f5000d5014c8450fa829a899c1) Importer(815301076,1909f56bfc062723c751e8b465ee728b)  -> (artifact id: '153fa9f384c64e4d46c0fc5f524d6df3') in 0.303961 seconds 
========================================================================
Received Import Request.
  Time since last request: 0.000050 seconds.
  path: Assets/Audio/snow4.ogg
  artifactKey: Guid(1fcf48484206c4d47aca8792f5d3bb52) Importer(815301076,1909f56bfc062723c751e8b465ee728b)
Start importing Assets/Audio/snow4.ogg using Guid(1fcf48484206c4d47aca8792f5d3bb52) Importer(815301076,1909f56bfc062723c751e8b465ee728b)  -> (artifact id: 'c114cc533a2d32ebe2fb0e684ffc7e02') in 0.035394 seconds 
========================================================================
Received Import Request.
  Time since last request: 0.000052 seconds.
  path: Assets/Audio/snow2.ogg
  artifactKey: Guid(29cef3c2e9e425349ad0714140f7e43c) Importer(815301076,1909f56bfc062723c751e8b465ee728b)
Start importing Assets/Audio/snow2.ogg using Guid(29cef3c2e9e425349ad0714140f7e43c) Importer(815301076,1909f56bfc062723c751e8b465ee728b)  -> (artifact id: 'd211c59f5dc903b876cac0512ef3370f') in 0.033779 seconds 
========================================================================
Received Import Request.
  Time since last request: 0.000036 seconds.
  path: Assets/Audio/launch1.ogg
  artifactKey: Guid(5736a8060e953444c9ad7ad82df2dad7) Importer(815301076,1909f56bfc062723c751e8b465ee728b)
Start importing Assets/Audio/launch1.ogg using Guid(5736a8060e953444c9ad7ad82df2dad7) Importer(815301076,1909f56bfc062723c751e8b465ee728b)  -> (artifact id: '2dfb04c59b05bb5eb7817f2a1bf7570d') in 0.031113 seconds 
========================================================================
Received Import Request.
  Time since last request: 0.000041 seconds.
  path: Assets/Audio/stone2.ogg
  artifactKey: Guid(929b74c4aa559674da2dfefb604607e7) Importer(815301076,1909f56bfc062723c751e8b465ee728b)
Start importing Assets/Audio/stone2.ogg using Guid(929b74c4aa559674da2dfefb604607e7) Importer(815301076,1909f56bfc062723c751e8b465ee728b)  -> (artifact id: 'a4f806cc9ad02f8465a23aff9a283924') in 0.032212 seconds 
========================================================================
Received Import Request.
  Time since last request: 0.000040 seconds.
  path: Assets/Audio/gravel4.ogg
  artifactKey: Guid(000b9a5dbb4a8114687c4ac4a81f48b1) Importer(815301076,1909f56bfc062723c751e8b465ee728b)
Start importing Assets/Audio/gravel4.ogg using Guid(000b9a5dbb4a8114687c4ac4a81f48b1) Importer(815301076,1909f56bfc062723c751e8b465ee728b)  -> (artifact id: '48b4e806c4ac3724d92b1b7b5f0ce452') in 0.029087 seconds 
========================================================================
Received Import Request.
  Time since last request: 0.000038 seconds.
  path: Assets/Audio/stone3.ogg
  artifactKey: Guid(651531c72aea20e4f9c420a40926f5fe) Importer(815301076,1909f56bfc062723c751e8b465ee728b)
Start importing Assets/Audio/stone3.ogg using Guid(651531c72aea20e4f9c420a40926f5fe) Importer(815301076,1909f56bfc062723c751e8b465ee728b)  -> (artifact id: '11b62118bcc3eed293920fa3de0c502d') in 0.032164 seconds 
========================================================================
Received Import Request.
  Time since last request: 0.000046 seconds.
  path: Assets/Audio/stone1.ogg
  artifactKey: Guid(998e154d28fdbfa4f974b81cca9db330) Importer(815301076,1909f56bfc062723c751e8b465ee728b)
Start importing Assets/Audio/stone1.ogg using Guid(998e154d28fdbfa4f974b81cca9db330) Importer(815301076,1909f56bfc062723c751e8b465ee728b)  -> (artifact id: '2cf7256bf788f79faa74c4bbbb86ba85') in 0.034353 seconds 
========================================================================
Received Import Request.
  Time since last request: 0.000094 seconds.
  path: Assets/Audio/wood1.ogg
  artifactKey: Guid(b96c9f506bc3f7a419098d63dc5bdfbb) Importer(815301076,1909f56bfc062723c751e8b465ee728b)
Start importing Assets/Audio/wood1.ogg using Guid(b96c9f506bc3f7a419098d63dc5bdfbb) Importer(815301076,1909f56bfc062723c751e8b465ee728b)  -> (artifact id: '1746194a995355226b915faaad804cbd') in 0.034079 seconds 
========================================================================
Received Import Request.
  Time since last request: 0.000041 seconds.
  path: Assets/Audio/sand1.ogg
  artifactKey: Guid(4d80845f71285f146a663291d0fa1758) Importer(815301076,1909f56bfc062723c751e8b465ee728b)
Start importing Assets/Audio/sand1.ogg using Guid(4d80845f71285f146a663291d0fa1758) Importer(815301076,1909f56bfc062723c751e8b465ee728b)  -> (artifact id: '851c4364e0be532128199788f2cf3d91') in 0.031675 seconds 
========================================================================
Received Import Request.
  Time since last request: 0.000031 seconds.
  path: Assets/Audio/twinkle1.ogg
  artifactKey: Guid(98b5ca8daa325704e8f6545e7a9786c1) Importer(815301076,1909f56bfc062723c751e8b465ee728b)
Start importing Assets/Audio/twinkle1.ogg using Guid(98b5ca8daa325704e8f6545e7a9786c1) Importer(815301076,1909f56bfc062723c751e8b465ee728b)  -> (artifact id: '3e682516dffc00bbf3d6aa809d1e2788') in 0.029792 seconds 
Editor requested this worker to shutdown with reason: Scaling down because of idle timeout
AssetImportWorkerClient::OnTransportError - code=2 error=End of file
AssetImportWorker is now disconnected from the server
Process exiting
Exiting without the bug reporter. Application will terminate with return code 0