Using pre-set license
Built from '2021.3/staging' branch; Version is '2021.3.13f1 (9e7d58001ecf) revision 10386776'; Using compiler version '192829333'; Build Type 'Release'
OS: 'Windows 10  (10.0.19044) 64bit Core' Language: 'en' Physical Memory: 16309 MB
BatchMode: 1, IsHumanControllingUs: 0, StartBugReporterOnCrash: 0, Is64bit: 1, IsPro: 1

COMMAND LINE ARGUMENTS:
C:\Program Files\Unity\Hub\Editor\2021.3.13f1\Editor\Unity.exe
-adb2
-batchMode
-noUpm
-name
AssetImportWorker1
-projectPath
C:/Users/Brie/Desktop/Minesweeper-IMGD1001/Project
-logFile
Logs/AssetImportWorker1.log
-srvPort
58098
Successfully changed project path to: C:/Users/Brie/Desktop/Minesweeper-IMGD1001/Project
C:/Users/Brie/Desktop/Minesweeper-IMGD1001/Project
[UnityMemory] Configuration Parameters - Can be set up in boot.config
    "memorysetup-bucket-allocator-granularity=16"
    "memorysetup-bucket-allocator-bucket-count=8"
    "memorysetup-bucket-allocator-block-size=33554432"
    "memorysetup-bucket-allocator-block-count=8"
    "memorysetup-main-allocator-block-size=16777216"
    "memorysetup-thread-allocator-block-size=16777216"
    "memorysetup-gfx-main-allocator-block-size=16777216"
    "memorysetup-gfx-thread-allocator-block-size=16777216"
    "memorysetup-cache-allocator-block-size=4194304"
    "memorysetup-typetree-allocator-block-size=2097152"
    "memorysetup-profiler-bucket-allocator-granularity=16"
    "memorysetup-profiler-bucket-allocator-bucket-count=8"
    "memorysetup-profiler-bucket-allocator-block-size=33554432"
    "memorysetup-profiler-bucket-allocator-block-count=8"
    "memorysetup-profiler-allocator-block-size=16777216"
    "memorysetup-profiler-editor-allocator-block-size=1048576"
    "memorysetup-temp-allocator-size-main=16777216"
    "memorysetup-job-temp-allocator-block-size=2097152"
    "memorysetup-job-temp-allocator-block-size-background=1048576"
    "memorysetup-job-temp-allocator-reduction-small-platforms=262144"
    "memorysetup-temp-allocator-size-background-worker=32768"
    "memorysetup-temp-allocator-size-job-worker=262144"
    "memorysetup-temp-allocator-size-preload-manager=33554432"
    "memorysetup-temp-allocator-size-nav-mesh-worker=65536"
    "memorysetup-temp-allocator-size-audio-worker=65536"
    "memorysetup-temp-allocator-size-cloud-worker=32768"
    "memorysetup-temp-allocator-size-gi-baking-worker=262144"
    "memorysetup-temp-allocator-size-gfx=262144"
Refreshing native plugins compatible for Editor in 86.13 ms, found 4 plugins.
Preloading 0 native plugins for Editor in 0.00 ms.
Initialize engine version: 2021.3.13f1 (9e7d58001ecf)
[Subsystems] Discovering subsystems at path C:/Program Files/Unity/Hub/Editor/2021.3.13f1/Editor/Data/Resources/UnitySubsystems
[Subsystems] Discovering subsystems at path C:/Users/Brie/Desktop/Minesweeper-IMGD1001/Project/Assets
GfxDevice: creating device client; threaded=0; jobified=0
Direct3D:
    Version:  Direct3D 11.0 [level 11.1]
    Renderer: NVIDIA GeForce RTX 3060 (ID=0x2504)
    Vendor:   NVIDIA
    VRAM:     12142 MB
    Driver:   31.0.15.1694
Initialize mono
Mono path[0] = 'C:/Program Files/Unity/Hub/Editor/2021.3.13f1/Editor/Data/Managed'
Mono path[1] = 'C:/Program Files/Unity/Hub/Editor/2021.3.13f1/Editor/Data/MonoBleedingEdge/lib/mono/unityjit-win32'
Mono config path = 'C:/Program Files/Unity/Hub/Editor/2021.3.13f1/Editor/Data/MonoBleedingEdge/etc'
Using monoOptions --debugger-agent=transport=dt_socket,embedding=1,server=y,suspend=n,address=127.0.0.1:56648
Begin MonoManager ReloadAssembly
Registering precompiled unity dll's ...
Register platform support module: C:/Program Files/Unity/Hub/Editor/2021.3.13f1/Editor/Data/PlaybackEngines/WindowsStandaloneSupport/UnityEditor.WindowsStandalone.Extensions.dll
Registered in 0.008620 seconds.
Native extension for WindowsStandalone target not found
Refreshing native plugins compatible for Editor in 83.72 ms, found 4 plugins.
Preloading 0 native plugins for Editor in 0.00 ms.
Mono: successfully reloaded assembly
- Completed reload, in  0.604 seconds
Domain Reload Profiling:
	ReloadAssembly (605ms)
		BeginReloadAssembly (66ms)
			ExecutionOrderSort (0ms)
			DisableScriptedObjects (0ms)
			BackupInstance (0ms)
			ReleaseScriptingObjects (0ms)
			CreateAndSetChildDomain (1ms)
		EndReloadAssembly (430ms)
			LoadAssemblies (64ms)
			RebuildTransferFunctionScriptingTraits (0ms)
			SetupTypeCache (98ms)
			ReleaseScriptCaches (0ms)
			RebuildScriptCaches (24ms)
			SetupLoadedEditorAssemblies (259ms)
				LogAssemblyErrors (0ms)
				InitializePlatformSupportModulesInManaged (8ms)
				SetLoadedEditorAssemblies (0ms)
				RefreshPlugins (84ms)
				BeforeProcessingInitializeOnLoad (1ms)
				ProcessInitializeOnLoadAttributes (126ms)
				ProcessInitializeOnLoadMethodAttributes (39ms)
				AfterProcessingInitializeOnLoad (0ms)
				EditorAssembliesLoaded (0ms)
			ExecutionOrderSort2 (0ms)
			AwakeInstancesAfterBackupRestoration (0ms)
Platform modules already initialized, skipping
Registering precompiled user dll's ...
Registered in 0.008183 seconds.
Begin MonoManager ReloadAssembly
Symbol file LoadedFromMemory doesn't match image C:\Users\Brie\Desktop\Minesweeper-IMGD1001\Project\Library\PackageCache\com.unity.visualscripting@1.7.8\Editor\VisualScripting.Core\Dependencies\YamlDotNet\Unity.VisualScripting.YamlDotNet.dll
Symbol file LoadedFromMemory doesn't match image C:\Users\Brie\Desktop\Minesweeper-IMGD1001\Project\Library\PackageCache\com.unity.visualscripting@1.7.8\Editor\VisualScripting.Core\Dependencies\DotNetZip\Unity.VisualScripting.IonicZip.dll
Native extension for WindowsStandalone target not found
Refreshing native plugins compatible for Editor in 73.08 ms, found 4 plugins.
Preloading 0 native plugins for Editor in 0.00 ms.
Mono: successfully reloaded assembly
- Completed reload, in  1.086 seconds
Domain Reload Profiling:
	ReloadAssembly (1087ms)
		BeginReloadAssembly (109ms)
			ExecutionOrderSort (0ms)
			DisableScriptedObjects (7ms)
			BackupInstance (0ms)
			ReleaseScriptingObjects (0ms)
			CreateAndSetChildDomain (17ms)
		EndReloadAssembly (859ms)
			LoadAssemblies (92ms)
			RebuildTransferFunctionScriptingTraits (0ms)
			SetupTypeCache (226ms)
			ReleaseScriptCaches (1ms)
			RebuildScriptCaches (54ms)
			SetupLoadedEditorAssemblies (435ms)
				LogAssemblyErrors (0ms)
				InitializePlatformSupportModulesInManaged (5ms)
				SetLoadedEditorAssemblies (0ms)
				RefreshPlugins (73ms)
				BeforeProcessingInitializeOnLoad (86ms)
				ProcessInitializeOnLoadAttributes (220ms)
				ProcessInitializeOnLoadMethodAttributes (38ms)
				AfterProcessingInitializeOnLoad (12ms)
				EditorAssembliesLoaded (0ms)
			ExecutionOrderSort2 (0ms)
			AwakeInstancesAfterBackupRestoration (7ms)
Platform modules already initialized, skipping
========================================================================
Worker process is ready to serve import requests
Launched and connected shader compiler UnityShaderCompiler.exe after 0.05 seconds
Refreshing native plugins compatible for Editor in 4.13 ms, found 4 plugins.
Preloading 0 native plugins for Editor in 0.00 ms.
Unloading 4097 Unused Serialized files (Serialized files now loaded: 0)
Unloading 38 unused Assets / (56.5 KB). Loaded Objects now: 4553.
Memory consumption went from 153.9 MB to 153.9 MB.
Total: 10.375500 ms (FindLiveObjects: 0.896800 ms CreateObjectMapping: 0.479800 ms MarkObjects: 8.881200 ms  DeleteObjects: 0.116700 ms)

AssetImportParameters requested are different than current active one (requested -> active):
  custom:video-decoder-ogg-theora: a1e56fd34408186e4bbccfd4996cb3dc -> 
  custom:container-muxer-webm: aa71ff27fc2769a1b78a27578f13a17b -> 
  custom:container-demuxer-webm: 4f35f7cbe854078d1ac9338744f61a02 -> 
  custom:video-encoder-webm-vp8: eb34c28f22e8b96e1ab97ce403110664 -> 
  custom:audio-encoder-webm-vorbis: bf7c407c2cedff20999df2af8eb42d56 -> 
  custom:framework-win-MediaFoundation: 216162199b28c13a410421893ffa2e32 -> 
  custom:container-demuxer-ogg: 62fdf1f143b41e24485cea50d1cbac27 -> 
  custom:video-decoder-webm-vp8: 9c59270c3fd7afecdb556c50c9e8de78 -> 
  custom:audio-decoder-ogg-vorbis: bf7c407c2cedff20999df2af8eb42d56 -> 
========================================================================
Received Import Request.
  Time since last request: 1804085.550527 seconds.
  path: Assets/Audio/grass4.ogg
  artifactKey: Guid(afe1d7306fc2dab43b37644e330fd7b5) Importer(815301076,1909f56bfc062723c751e8b465ee728b)
Start importing Assets/Audio/grass4.ogg using Guid(afe1d7306fc2dab43b37644e330fd7b5) Importer(815301076,1909f56bfc062723c751e8b465ee728b)  -> (artifact id: '6b1aec737602e21c868b8afc04b09f26') in 0.218050 seconds 
========================================================================
Received Import Request.
  Time since last request: 0.000244 seconds.
  path: Assets/Audio/grass2.ogg
  artifactKey: Guid(9998b21c31170ed40a333ee22259f8be) Importer(815301076,1909f56bfc062723c751e8b465ee728b)
Start importing Assets/Audio/grass2.ogg using Guid(9998b21c31170ed40a333ee22259f8be) Importer(815301076,1909f56bfc062723c751e8b465ee728b)  -> (artifact id: 'cf1008fe127c5a6d2463d0450311afa0') in 0.026745 seconds 
========================================================================
Received Import Request.
  Time since last request: 0.000043 seconds.
  path: Assets/Audio/snow1.ogg
  artifactKey: Guid(5433d425ee800c2408dc42b09b66e51d) Importer(815301076,1909f56bfc062723c751e8b465ee728b)
Start importing Assets/Audio/snow1.ogg using Guid(5433d425ee800c2408dc42b09b66e51d) Importer(815301076,1909f56bfc062723c751e8b465ee728b)  -> (artifact id: 'edfb74b9682bdbb28e5608d87e53860e') in 0.027506 seconds 
========================================================================
Received Import Request.
  Time since last request: 0.000020 seconds.
  path: Assets/Audio/explode3.ogg
  artifactKey: Guid(80593f23c258eb44ab93eea95759646f) Importer(815301076,1909f56bfc062723c751e8b465ee728b)
Start importing Assets/Audio/explode3.ogg using Guid(80593f23c258eb44ab93eea95759646f) Importer(815301076,1909f56bfc062723c751e8b465ee728b)  -> (artifact id: '1c9ba1018a9d0f9e7f69a64af30a3684') in 0.020280 seconds 
========================================================================
Received Import Request.
  Time since last request: 0.000018 seconds.
  path: Assets/Audio/wood1.ogg
  artifactKey: Guid(b96c9f506bc3f7a419098d63dc5bdfbb) Importer(815301076,1909f56bfc062723c751e8b465ee728b)
Start importing Assets/Audio/wood1.ogg using Guid(b96c9f506bc3f7a419098d63dc5bdfbb) Importer(815301076,1909f56bfc062723c751e8b465ee728b)  -> (artifact id: 'c038877ceea3b8f2791d5989e58fff39') in 0.018652 seconds 
========================================================================
Received Import Request.
  Time since last request: 0.000019 seconds.
  path: Assets/Audio/wood_click.ogg
  artifactKey: Guid(9b842f5f6c3cefb448a023a302b11edb) Importer(815301076,1909f56bfc062723c751e8b465ee728b)
Start importing Assets/Audio/wood_click.ogg using Guid(9b842f5f6c3cefb448a023a302b11edb) Importer(815301076,1909f56bfc062723c751e8b465ee728b)  -> (artifact id: '6a634e415bc063b9bf25f3fac18142f3') in 0.022920 seconds 
========================================================================
Received Import Request.
  Time since last request: 0.000018 seconds.
  path: Assets/Audio/sand2.ogg
  artifactKey: Guid(f632028f7dc9ecf4aa3065e27e862229) Importer(815301076,1909f56bfc062723c751e8b465ee728b)
Start importing Assets/Audio/sand2.ogg using Guid(f632028f7dc9ecf4aa3065e27e862229) Importer(815301076,1909f56bfc062723c751e8b465ee728b)  -> (artifact id: '066967b74a81f04af38380ca6e6d591c') in 0.018691 seconds 
========================================================================
Received Import Request.
  Time since last request: 0.000021 seconds.
  path: Assets/Audio/break.ogg
  artifactKey: Guid(584266181861e2d4a9bb754180574a1c) Importer(815301076,1909f56bfc062723c751e8b465ee728b)
Start importing Assets/Audio/break.ogg using Guid(584266181861e2d4a9bb754180574a1c) Importer(815301076,1909f56bfc062723c751e8b465ee728b)  -> (artifact id: '009a8501dc9d5d3bebd530eece032a03') in 0.027029 seconds 
========================================================================
Received Import Request.
  Time since last request: 0.000023 seconds.
  path: Assets/Audio/explode2.ogg
  artifactKey: Guid(e6e1de36ed429cc4281fa33f087e48c0) Importer(815301076,1909f56bfc062723c751e8b465ee728b)
Start importing Assets/Audio/explode2.ogg using Guid(e6e1de36ed429cc4281fa33f087e48c0) Importer(815301076,1909f56bfc062723c751e8b465ee728b)  -> (artifact id: 'ec7b4dcc919175bc981a36ec31b66cf3') in 0.018525 seconds 
========================================================================
Received Import Request.
  Time since last request: 0.000043 seconds.
  path: Assets/Audio/wood2.ogg
  artifactKey: Guid(775de99bb16268b4c8a2b3aacc42ed94) Importer(815301076,1909f56bfc062723c751e8b465ee728b)
Start importing Assets/Audio/wood2.ogg using Guid(775de99bb16268b4c8a2b3aacc42ed94) Importer(815301076,1909f56bfc062723c751e8b465ee728b)  -> (artifact id: 'b6569502c07240037a9c510a850fc045') in 0.026344 seconds 
========================================================================
Received Import Request.
  Time since last request: 0.000036 seconds.
  path: Assets/Audio/largeblast1.ogg
  artifactKey: Guid(08323bd804f7bc44191ce0be5ac0c955) Importer(815301076,1909f56bfc062723c751e8b465ee728b)
Start importing Assets/Audio/largeblast1.ogg using Guid(08323bd804f7bc44191ce0be5ac0c955) Importer(815301076,1909f56bfc062723c751e8b465ee728b)  -> (artifact id: 'fb988fb4eddd9a5d00822a7b9dc9a9ca') in 0.015545 seconds 
========================================================================
Received Import Request.
  Time since last request: 0.000020 seconds.
  path: Assets/Audio/fuse.ogg
  artifactKey: Guid(eaba2166dbbd59c4b9ff25076251df1a) Importer(815301076,1909f56bfc062723c751e8b465ee728b)
Start importing Assets/Audio/fuse.ogg using Guid(eaba2166dbbd59c4b9ff25076251df1a) Importer(815301076,1909f56bfc062723c751e8b465ee728b)  -> (artifact id: '1d02a96f6541a201c10c28e9869eee27') in 0.012918 seconds 
========================================================================
Received Import Request.
  Time since last request: 0.000020 seconds.
  path: Assets/Audio/gravel4.ogg
  artifactKey: Guid(000b9a5dbb4a8114687c4ac4a81f48b1) Importer(815301076,1909f56bfc062723c751e8b465ee728b)
Start importing Assets/Audio/gravel4.ogg using Guid(000b9a5dbb4a8114687c4ac4a81f48b1) Importer(815301076,1909f56bfc062723c751e8b465ee728b)  -> (artifact id: '32c256378d46a96378e792d99c1a465c') in 0.013691 seconds 
========================================================================
Received Import Request.
  Time since last request: 0.000020 seconds.
  path: Assets/Audio/twinkle_far1.ogg
  artifactKey: Guid(ba3e9789e9cc43e4d93657638a30bbd3) Importer(815301076,1909f56bfc062723c751e8b465ee728b)
Start importing Assets/Audio/twinkle_far1.ogg using Guid(ba3e9789e9cc43e4d93657638a30bbd3) Importer(815301076,1909f56bfc062723c751e8b465ee728b)  -> (artifact id: 'fb320822bb03cc5c5564aff776ae8d5c') in 0.014935 seconds 
========================================================================
Received Import Request.
  Time since last request: 0.000020 seconds.
  path: Assets/Audio/gravel3.ogg
  artifactKey: Guid(af1442f5000d5014c8450fa829a899c1) Importer(815301076,1909f56bfc062723c751e8b465ee728b)
Start importing Assets/Audio/gravel3.ogg using Guid(af1442f5000d5014c8450fa829a899c1) Importer(815301076,1909f56bfc062723c751e8b465ee728b)  -> (artifact id: '566c10fd0f6e274a8ca1f93cd06f5fbf') in 0.011015 seconds 
========================================================================
Received Prepare
Registering precompiled user dll's ...
Registered in 0.010350 seconds.
Begin MonoManager ReloadAssembly
Symbol file LoadedFromMemory doesn't match image C:\Users\Brie\Desktop\Minesweeper-IMGD1001\Project\Library\PackageCache\com.unity.visualscripting@1.7.8\Editor\VisualScripting.Core\Dependencies\YamlDotNet\Unity.VisualScripting.YamlDotNet.dll
Symbol file LoadedFromMemory doesn't match image C:\Users\Brie\Desktop\Minesweeper-IMGD1001\Project\Library\PackageCache\com.unity.visualscripting@1.7.8\Editor\VisualScripting.Core\Dependencies\DotNetZip\Unity.VisualScripting.IonicZip.dll
Native extension for WindowsStandalone target not found
Refreshing native plugins compatible for Editor in 0.92 ms, found 4 plugins.
Preloading 0 native plugins for Editor in 0.00 ms.
Mono: successfully reloaded assembly
- Completed reload, in  1.038 seconds
Domain Reload Profiling:
	ReloadAssembly (1039ms)
		BeginReloadAssembly (136ms)
			ExecutionOrderSort (0ms)
			DisableScriptedObjects (5ms)
			BackupInstance (0ms)
			ReleaseScriptingObjects (0ms)
			CreateAndSetChildDomain (38ms)
		EndReloadAssembly (795ms)
			LoadAssemblies (102ms)
			RebuildTransferFunctionScriptingTraits (0ms)
			SetupTypeCache (231ms)
			ReleaseScriptCaches (1ms)
			RebuildScriptCaches (45ms)
			SetupLoadedEditorAssemblies (370ms)
				LogAssemblyErrors (0ms)
				InitializePlatformSupportModulesInManaged (14ms)
				SetLoadedEditorAssemblies (0ms)
				RefreshPlugins (1ms)
				BeforeProcessingInitializeOnLoad (88ms)
				ProcessInitializeOnLoadAttributes (210ms)
				ProcessInitializeOnLoadMethodAttributes (45ms)
				AfterProcessingInitializeOnLoad (12ms)
				EditorAssembliesLoaded (0ms)
			ExecutionOrderSort2 (0ms)
			AwakeInstancesAfterBackupRestoration (9ms)
Platform modules already initialized, skipping
Refreshing native plugins compatible for Editor in 3.04 ms, found 4 plugins.
Preloading 0 native plugins for Editor in 0.00 ms.
Unloading 4073 Unused Serialized files (Serialized files now loaded: 0)
Unloading 25 unused Assets / (24.6 KB). Loaded Objects now: 4566.
Memory consumption went from 156.4 MB to 156.4 MB.
Total: 3.286900 ms (FindLiveObjects: 0.331700 ms CreateObjectMapping: 0.199100 ms MarkObjects: 2.735100 ms  DeleteObjects: 0.020400 ms)

AssetImportParameters requested are different than current active one (requested -> active):
  custom:video-decoder-ogg-theora: a1e56fd34408186e4bbccfd4996cb3dc -> 
  custom:container-muxer-webm: aa71ff27fc2769a1b78a27578f13a17b -> 
  custom:container-demuxer-webm: 4f35f7cbe854078d1ac9338744f61a02 -> 
  custom:video-encoder-webm-vp8: eb34c28f22e8b96e1ab97ce403110664 -> 
  custom:audio-encoder-webm-vorbis: bf7c407c2cedff20999df2af8eb42d56 -> 
  custom:framework-win-MediaFoundation: 216162199b28c13a410421893ffa2e32 -> 
  custom:container-demuxer-ogg: 62fdf1f143b41e24485cea50d1cbac27 -> 
  custom:video-decoder-webm-vp8: 9c59270c3fd7afecdb556c50c9e8de78 -> 
  custom:audio-decoder-ogg-vorbis: bf7c407c2cedff20999df2af8eb42d56 -> 
Editor requested this worker to shutdown with reason: Scaling down because of idle timeout
AssetImportWorker is now disconnected from the server
Process exiting
Exiting without the bug reporter. Application will terminate with return code 0