Using pre-set license
Built from '2021.3/release' branch; Version is '2021.3.12f1 (8af3c3e441b1) revision 9106371'; Using compiler version '192829333'; Build Type 'Release'
OS: 'Windows 11  (10.0.22000) 64bit Core' Language: 'en' Physical Memory: 15715 MB
BatchMode: 1, IsHumanControllingUs: 0, StartBugReporterOnCrash: 0, Is64bit: 1, IsPro: 1

COMMAND LINE ARGUMENTS:
C:\Program Files\Unity\Hub\Editor\2021.3.12f1\Editor\Unity.exe
-adb2
-batchMode
-noUpm
-name
AssetImportWorker2
-projectPath
C:/Users/brieh/Documents/_IMGD 1001/Minesweeper-IMGD1001/Project
-logFile
Logs/AssetImportWorker2.log
-srvPort
59749
Successfully changed project path to: C:/Users/brieh/Documents/_IMGD 1001/Minesweeper-IMGD1001/Project
C:/Users/brieh/Documents/_IMGD 1001/Minesweeper-IMGD1001/Project
[UnityMemory] Configuration Parameters - Can be set up in boot.config
    "memorysetup-bucket-allocator-granularity=16"
    "memorysetup-bucket-allocator-bucket-count=8"
    "memorysetup-bucket-allocator-block-size=33554432"
    "memorysetup-bucket-allocator-block-count=8"
    "memorysetup-main-allocator-block-size=16777216"
    "memorysetup-thread-allocator-block-size=16777216"
    "memorysetup-gfx-main-allocator-block-size=16777216"
    "memorysetup-gfx-thread-allocator-block-size=16777216"
    "memorysetup-cache-allocator-block-size=4194304"
    "memorysetup-typetree-allocator-block-size=2097152"
    "memorysetup-profiler-bucket-allocator-granularity=16"
    "memorysetup-profiler-bucket-allocator-bucket-count=8"
    "memorysetup-profiler-bucket-allocator-block-size=33554432"
    "memorysetup-profiler-bucket-allocator-block-count=8"
    "memorysetup-profiler-allocator-block-size=16777216"
    "memorysetup-profiler-editor-allocator-block-size=1048576"
    "memorysetup-temp-allocator-size-main=16777216"
    "memorysetup-job-temp-allocator-block-size=2097152"
    "memorysetup-job-temp-allocator-block-size-background=1048576"
    "memorysetup-job-temp-allocator-reduction-small-platforms=262144"
    "memorysetup-temp-allocator-size-background-worker=32768"
    "memorysetup-temp-allocator-size-job-worker=262144"
    "memorysetup-temp-allocator-size-preload-manager=33554432"
    "memorysetup-temp-allocator-size-nav-mesh-worker=65536"
    "memorysetup-temp-allocator-size-audio-worker=65536"
    "memorysetup-temp-allocator-size-cloud-worker=32768"
    "memorysetup-temp-allocator-size-gi-baking-worker=262144"
    "memorysetup-temp-allocator-size-gfx=262144"
Refreshing native plugins compatible for Editor in 227.48 ms, found 4 plugins.
Preloading 0 native plugins for Editor in 0.00 ms.
Initialize engine version: 2021.3.12f1 (8af3c3e441b1)
[Subsystems] Discovering subsystems at path C:/Program Files/Unity/Hub/Editor/2021.3.12f1/Editor/Data/Resources/UnitySubsystems
[Subsystems] Discovering subsystems at path C:/Users/brieh/Documents/_IMGD 1001/Minesweeper-IMGD1001/Project/Assets
GfxDevice: creating device client; threaded=0; jobified=0
Direct3D:
    Version:  Direct3D 11.0 [level 11.1]
    Renderer: AMD Radeon(TM) Graphics (ID=0x1638)
    Vendor:   ATI
    VRAM:     7857 MB
    Driver:   30.0.13036.2
Initialize mono
Mono path[0] = 'C:/Program Files/Unity/Hub/Editor/2021.3.12f1/Editor/Data/Managed'
Mono path[1] = 'C:/Program Files/Unity/Hub/Editor/2021.3.12f1/Editor/Data/MonoBleedingEdge/lib/mono/unityjit-win32'
Mono config path = 'C:/Program Files/Unity/Hub/Editor/2021.3.12f1/Editor/Data/MonoBleedingEdge/etc'
Using monoOptions --debugger-agent=transport=dt_socket,embedding=1,server=y,suspend=n,address=127.0.0.1:56172
Begin MonoManager ReloadAssembly
Registering precompiled unity dll's ...
Register platform support module: C:/Program Files/Unity/Hub/Editor/2021.3.12f1/Editor/Data/PlaybackEngines/WebGLSupport/UnityEditor.WebGL.Extensions.dll
Register platform support module: C:/Program Files/Unity/Hub/Editor/2021.3.12f1/Editor/Data/PlaybackEngines/WindowsStandaloneSupport/UnityEditor.WindowsStandalone.Extensions.dll
Registered in 0.011208 seconds.
Native extension for WindowsStandalone target not found
Native extension for WebGL target not found
Refreshing native plugins compatible for Editor in 223.76 ms, found 4 plugins.
Preloading 0 native plugins for Editor in 0.00 ms.
Mono: successfully reloaded assembly
- Completed reload, in  1.639 seconds
Domain Reload Profiling:
	ReloadAssembly (1640ms)
		BeginReloadAssembly (189ms)
			ExecutionOrderSort (0ms)
			DisableScriptedObjects (0ms)
			BackupInstance (0ms)
			ReleaseScriptingObjects (0ms)
			CreateAndSetChildDomain (2ms)
		EndReloadAssembly (1201ms)
			LoadAssemblies (183ms)
			RebuildTransferFunctionScriptingTraits (0ms)
			SetupTypeCache (257ms)
			ReleaseScriptCaches (0ms)
			RebuildScriptCaches (63ms)
			SetupLoadedEditorAssemblies (750ms)
				LogAssemblyErrors (0ms)
				InitializePlatformSupportModulesInManaged (21ms)
				SetLoadedEditorAssemblies (0ms)
				RefreshPlugins (224ms)
				BeforeProcessingInitializeOnLoad (3ms)
				ProcessInitializeOnLoadAttributes (378ms)
				ProcessInitializeOnLoadMethodAttributes (123ms)
				AfterProcessingInitializeOnLoad (0ms)
				EditorAssembliesLoaded (0ms)
			ExecutionOrderSort2 (0ms)
			AwakeInstancesAfterBackupRestoration (0ms)
Platform modules already initialized, skipping
Registering precompiled user dll's ...
Registered in 0.024512 seconds.
Begin MonoManager ReloadAssembly
Symbol file LoadedFromMemory doesn't match image C:\Users\brieh\Documents\_IMGD 1001\Minesweeper-IMGD1001\Project\Library\PackageCache\com.unity.visualscripting@1.7.8\Editor\VisualScripting.Core\Dependencies\YamlDotNet\Unity.VisualScripting.YamlDotNet.dll
Symbol file LoadedFromMemory doesn't match image C:\Users\brieh\Documents\_IMGD 1001\Minesweeper-IMGD1001\Project\Library\PackageCache\com.unity.visualscripting@1.7.8\Editor\VisualScripting.Core\Dependencies\DotNetZip\Unity.VisualScripting.IonicZip.dll
Native extension for WindowsStandalone target not found
Native extension for WebGL target not found
Refreshing native plugins compatible for Editor in 214.47 ms, found 4 plugins.
Preloading 0 native plugins for Editor in 0.00 ms.
Mono: successfully reloaded assembly
- Completed reload, in  2.872 seconds
Domain Reload Profiling:
	ReloadAssembly (2874ms)
		BeginReloadAssembly (276ms)
			ExecutionOrderSort (0ms)
			DisableScriptedObjects (16ms)
			BackupInstance (0ms)
			ReleaseScriptingObjects (0ms)
			CreateAndSetChildDomain (46ms)
		EndReloadAssembly (2312ms)
			LoadAssemblies (219ms)
			RebuildTransferFunctionScriptingTraits (0ms)
			SetupTypeCache (570ms)
			ReleaseScriptCaches (1ms)
			RebuildScriptCaches (153ms)
			SetupLoadedEditorAssemblies (1244ms)
				LogAssemblyErrors (0ms)
				InitializePlatformSupportModulesInManaged (14ms)
				SetLoadedEditorAssemblies (0ms)
				RefreshPlugins (215ms)
				BeforeProcessingInitializeOnLoad (249ms)
				ProcessInitializeOnLoadAttributes (637ms)
				ProcessInitializeOnLoadMethodAttributes (111ms)
				AfterProcessingInitializeOnLoad (19ms)
				EditorAssembliesLoaded (0ms)
			ExecutionOrderSort2 (0ms)
			AwakeInstancesAfterBackupRestoration (15ms)
Platform modules already initialized, skipping
========================================================================
Worker process is ready to serve import requests
Launched and connected shader compiler UnityShaderCompiler.exe after 0.10 seconds
Refreshing native plugins compatible for Editor in 2.22 ms, found 4 plugins.
Preloading 0 native plugins for Editor in 0.00 ms.
Unloading 4090 Unused Serialized files (Serialized files now loaded: 0)
Unloading 38 unused Assets / (56.6 KB). Loaded Objects now: 4546.
Memory consumption went from 153.9 MB to 153.8 MB.
Total: 8.351600 ms (FindLiveObjects: 0.987800 ms CreateObjectMapping: 0.286100 ms MarkObjects: 6.843000 ms  DeleteObjects: 0.232500 ms)

AssetImportParameters requested are different than current active one (requested -> active):
  custom:video-decoder-ogg-theora: a1e56fd34408186e4bbccfd4996cb3dc -> 
  custom:container-muxer-webm: aa71ff27fc2769a1b78a27578f13a17b -> 
  custom:container-demuxer-webm: 4f35f7cbe854078d1ac9338744f61a02 -> 
  custom:video-encoder-webm-vp8: eb34c28f22e8b96e1ab97ce403110664 -> 
  custom:video-codec-MediaFoundation-h265: 746d11721c4dcdbdad8f713fa42b33f4 -> 
  custom:audio-encoder-webm-vorbis: bf7c407c2cedff20999df2af8eb42d56 -> 
  custom:framework-win-MediaFoundation: 216162199b28c13a410421893ffa2e32 -> 
  custom:container-demuxer-ogg: 62fdf1f143b41e24485cea50d1cbac27 -> 
  custom:video-decoder-webm-vp8: 9c59270c3fd7afecdb556c50c9e8de78 -> 
  custom:audio-decoder-ogg-vorbis: bf7c407c2cedff20999df2af8eb42d56 -> 
========================================================================
Received Import Request.
  Time since last request: 134395.392796 seconds.
  path: Assets/Sprites/MC/stone.asset
  artifactKey: Guid(41706762df185bf458c4b6758cfc00cc) Importer(815301076,1909f56bfc062723c751e8b465ee728b)
Start importing Assets/Sprites/MC/stone.asset using Guid(41706762df185bf458c4b6758cfc00cc) Importer(815301076,1909f56bfc062723c751e8b465ee728b)  -> (artifact id: 'c75231abbee236c7a94b16eb8e29302e') in 0.085335 seconds 
========================================================================
Received Import Request.
  Time since last request: 0.000032 seconds.
  path: Assets/Sprites/MC/deepslate.asset
  artifactKey: Guid(cd74ef3059dec894ebd43e7c1bab53c5) Importer(815301076,1909f56bfc062723c751e8b465ee728b)
Start importing Assets/Sprites/MC/deepslate.asset using Guid(cd74ef3059dec894ebd43e7c1bab53c5) Importer(815301076,1909f56bfc062723c751e8b465ee728b)  -> (artifact id: 'd5b4187caa9b34bf52028c05b86c4f02') in 0.011378 seconds 
========================================================================
Received Import Request.
  Time since last request: 0.000034 seconds.
  path: Assets/Sprites/MC/grass_block_top.asset
  artifactKey: Guid(426a25a759a45b544b6b61405a2720de) Importer(815301076,1909f56bfc062723c751e8b465ee728b)
Start importing Assets/Sprites/MC/grass_block_top.asset using Guid(426a25a759a45b544b6b61405a2720de) Importer(815301076,1909f56bfc062723c751e8b465ee728b)  -> (artifact id: '1078471c3b8741787c6f492030829da0') in 0.012798 seconds 
========================================================================
Received Import Request.
  Time since last request: 0.000041 seconds.
  path: Assets/Sprites/MC/dirt.asset
  artifactKey: Guid(ac4f205ac764e0f4c8299d6e6b62fa72) Importer(815301076,1909f56bfc062723c751e8b465ee728b)
Start importing Assets/Sprites/MC/dirt.asset using Guid(ac4f205ac764e0f4c8299d6e6b62fa72) Importer(815301076,1909f56bfc062723c751e8b465ee728b)  -> (artifact id: 'c90306e356ac56196c375d8946a75d56') in 0.012473 seconds 
========================================================================
Received Import Request.
  Time since last request: 0.000037 seconds.
  path: Assets/Sprites/MC/cobblestone.asset
  artifactKey: Guid(8dc44f094572f5749acd854b9db7c5b3) Importer(815301076,1909f56bfc062723c751e8b465ee728b)
Start importing Assets/Sprites/MC/cobblestone.asset using Guid(8dc44f094572f5749acd854b9db7c5b3) Importer(815301076,1909f56bfc062723c751e8b465ee728b)  -> (artifact id: 'd7fd59ff87f88bdf455598aa5da7a6f7') in 0.012158 seconds 
========================================================================
Received Import Request.
  Time since last request: 21.857529 seconds.
  path: Assets/Resources/Tiles/MCTile/tiles.prefab
  artifactKey: Guid(6d03c074bce83d646b86c400825ff525) Importer(815301076,1909f56bfc062723c751e8b465ee728b)
Start importing Assets/Resources/Tiles/MCTile/tiles.prefab using Guid(6d03c074bce83d646b86c400825ff525) Importer(815301076,1909f56bfc062723c751e8b465ee728b)  -> (artifact id: '409a44785bd18a156ee1df23879d82cb') in 0.139574 seconds 
========================================================================
Received Import Request.
  Time since last request: 62.328504 seconds.
  path: Assets/Sprites/MC/cornflower.png
  artifactKey: Guid(c5e59cd0a2ab5e746be5591eef056452) Importer(815301076,1909f56bfc062723c751e8b465ee728b)
Start importing Assets/Sprites/MC/cornflower.png using Guid(c5e59cd0a2ab5e746be5591eef056452) Importer(815301076,1909f56bfc062723c751e8b465ee728b)  -> (artifact id: '80f415fbfb71d62fc70451c02b2df1f9') in 0.098218 seconds 
========================================================================
Received Import Request.
  Time since last request: 22.619155 seconds.
  path: Assets/Sprites/MC/flag.pdn
  artifactKey: Guid(5107fd44ea7de1a44a85452b8c706e86) Importer(815301076,1909f56bfc062723c751e8b465ee728b)
Start importing Assets/Sprites/MC/flag.pdn using Guid(5107fd44ea7de1a44a85452b8c706e86) Importer(815301076,1909f56bfc062723c751e8b465ee728b)  -> (artifact id: '760833ad04fb74ceca1e596ee37905bd') in 0.019080 seconds 
========================================================================
Received Import Request.
  Time since last request: 7.225338 seconds.
  path: Assets/Resources/Tiles/MCTile/tiles.prefab
  artifactKey: Guid(6d03c074bce83d646b86c400825ff525) Importer(815301076,1909f56bfc062723c751e8b465ee728b)
Start importing Assets/Resources/Tiles/MCTile/tiles.prefab using Guid(6d03c074bce83d646b86c400825ff525) Importer(815301076,1909f56bfc062723c751e8b465ee728b)  -> (artifact id: '7be93d4054fa261789515aa9699d549a') in 0.029496 seconds 
========================================================================
Received Import Request.
  Time since last request: 9.099178 seconds.
  path: Assets/Resources/Tiles/MCTile/tiles.prefab
  artifactKey: Guid(6d03c074bce83d646b86c400825ff525) Importer(815301076,1909f56bfc062723c751e8b465ee728b)
Start importing Assets/Resources/Tiles/MCTile/tiles.prefab using Guid(6d03c074bce83d646b86c400825ff525) Importer(815301076,1909f56bfc062723c751e8b465ee728b)  -> (artifact id: 'e19af074dead903e4903b7dd4a06cee5') in 0.029801 seconds 
========================================================================
Received Import Request.
  Time since last request: 47.213214 seconds.
  path: Assets/Sprites/MC/cobblestone.png
  artifactKey: Guid(d180b02ac5838514bb8b1f6747bdb246) Importer(815301076,1909f56bfc062723c751e8b465ee728b)
Start importing Assets/Sprites/MC/cobblestone.png using Guid(d180b02ac5838514bb8b1f6747bdb246) Importer(815301076,1909f56bfc062723c751e8b465ee728b)  -> (artifact id: '736e7eb7dbab5924ed7d29df2b0b3e9c') in 0.021580 seconds 
========================================================================
Received Import Request.
  Time since last request: 43.474798 seconds.
  path: Assets/Sprites/MC/cobblestone.png
  artifactKey: Guid(d180b02ac5838514bb8b1f6747bdb246) Importer(815301076,1909f56bfc062723c751e8b465ee728b)
Start importing Assets/Sprites/MC/cobblestone.png using Guid(d180b02ac5838514bb8b1f6747bdb246) Importer(815301076,1909f56bfc062723c751e8b465ee728b)  -> (artifact id: '06759295a0f31f26209cc5b1f2a51269') in 0.015305 seconds 
========================================================================
Received Import Request.
  Time since last request: 13.909927 seconds.
  path: Assets/Sprites/MC/deepslate.png
  artifactKey: Guid(fa8bb141ca302bc4d8c7774f8a91f473) Importer(815301076,1909f56bfc062723c751e8b465ee728b)
Start importing Assets/Sprites/MC/deepslate.png using Guid(fa8bb141ca302bc4d8c7774f8a91f473) Importer(815301076,1909f56bfc062723c751e8b465ee728b)  -> (artifact id: '6556d911fbbacb75e55b2e385baf0bff') in 0.028331 seconds 
========================================================================
Received Import Request.
  Time since last request: 8.864713 seconds.
  path: Assets/Sprites/MC/dirt.png
  artifactKey: Guid(de551fa8084603248b68ed5df3ca2450) Importer(815301076,1909f56bfc062723c751e8b465ee728b)
Start importing Assets/Sprites/MC/dirt.png using Guid(de551fa8084603248b68ed5df3ca2450) Importer(815301076,1909f56bfc062723c751e8b465ee728b)  -> (artifact id: '4312ddd92d1f7ac9f2ef36a788bc3e48') in 0.020034 seconds 
========================================================================
Received Import Request.
  Time since last request: 5.434092 seconds.
  path: Assets/Sprites/MC/grass_block_top.png
  artifactKey: Guid(c5c28a12223f5564fa1de1a793dabf08) Importer(815301076,1909f56bfc062723c751e8b465ee728b)
Start importing Assets/Sprites/MC/grass_block_top.png using Guid(c5c28a12223f5564fa1de1a793dabf08) Importer(815301076,1909f56bfc062723c751e8b465ee728b)  -> (artifact id: 'b1b7b44b4805c160b40980794b8f611b') in 0.019653 seconds 
========================================================================
Received Import Request.
  Time since last request: 5.360279 seconds.
  path: Assets/Sprites/MC/magma.png
  artifactKey: Guid(40564d2d08a43244c866928763f26fe9) Importer(815301076,1909f56bfc062723c751e8b465ee728b)
Start importing Assets/Sprites/MC/magma.png using Guid(40564d2d08a43244c866928763f26fe9) Importer(815301076,1909f56bfc062723c751e8b465ee728b)  -> (artifact id: '40ab2d5e9dc468f9811cde3b3772d0a8') in 0.022872 seconds 
========================================================================
Received Import Request.
  Time since last request: 7.672820 seconds.
  path: Assets/Sprites/MC/MCFlag.png
  artifactKey: Guid(f29d369a6be310f419ba65d24265a684) Importer(815301076,1909f56bfc062723c751e8b465ee728b)
Start importing Assets/Sprites/MC/MCFlag.png using Guid(f29d369a6be310f419ba65d24265a684) Importer(815301076,1909f56bfc062723c751e8b465ee728b)  -> (artifact id: '341d587b470a0b25c760e9ce3233e163') in 0.023360 seconds 
========================================================================
Received Import Request.
  Time since last request: 6.740478 seconds.
  path: Assets/Sprites/MC/netherrack.png
  artifactKey: Guid(67b43d38d5acb054fa35e356d1245822) Importer(815301076,1909f56bfc062723c751e8b465ee728b)
Start importing Assets/Sprites/MC/netherrack.png using Guid(67b43d38d5acb054fa35e356d1245822) Importer(815301076,1909f56bfc062723c751e8b465ee728b)  -> (artifact id: 'edc7f2cc347e7645fa281bcf7cdb9f70') in 0.017680 seconds 
========================================================================
Received Import Request.
  Time since last request: 6.244611 seconds.
  path: Assets/Sprites/MC/obsidian.png
  artifactKey: Guid(888aab7491dcc234385e9a9fe550c97d) Importer(815301076,1909f56bfc062723c751e8b465ee728b)
Start importing Assets/Sprites/MC/obsidian.png using Guid(888aab7491dcc234385e9a9fe550c97d) Importer(815301076,1909f56bfc062723c751e8b465ee728b)  -> (artifact id: 'ebb92a6d46c283cba0cc084bacdcfbf9') in 0.026496 seconds 
========================================================================
Received Import Request.
  Time since last request: 6.122866 seconds.
  path: Assets/Sprites/MC/stone.png
  artifactKey: Guid(3f48d9f70481a4c4187af6ca1483a7b3) Importer(815301076,1909f56bfc062723c751e8b465ee728b)
Start importing Assets/Sprites/MC/stone.png using Guid(3f48d9f70481a4c4187af6ca1483a7b3) Importer(815301076,1909f56bfc062723c751e8b465ee728b)  -> (artifact id: 'c501738871a930d799894714db716355') in 0.021884 seconds 
========================================================================
Received Import Request.
  Time since last request: 5.785683 seconds.
  path: Assets/Sprites/MC/tnt_top.png
  artifactKey: Guid(d454decf268823845bce332e22f33dde) Importer(815301076,1909f56bfc062723c751e8b465ee728b)
Start importing Assets/Sprites/MC/tnt_top.png using Guid(d454decf268823845bce332e22f33dde) Importer(815301076,1909f56bfc062723c751e8b465ee728b)  -> (artifact id: 'b0862b6f209a83d61bb86e08effc21e9') in 0.021685 seconds 
========================================================================
Received Import Request.
  Time since last request: 7.608997 seconds.
  path: Assets/Resources/Tiles/MCTile/cobblestone.asset
  artifactKey: Guid(275d61d63123d244d8f8a50b6894da7a) Importer(815301076,1909f56bfc062723c751e8b465ee728b)
Start importing Assets/Resources/Tiles/MCTile/cobblestone.asset using Guid(275d61d63123d244d8f8a50b6894da7a) Importer(815301076,1909f56bfc062723c751e8b465ee728b)  -> (artifact id: 'eb19d80fe18e5060d9512e62f6beb98a') in 0.040108 seconds 
========================================================================
Received Import Request.
  Time since last request: 0.000059 seconds.
  path: Assets/Resources/Tiles/MCTile/tiles.prefab
  artifactKey: Guid(6d03c074bce83d646b86c400825ff525) Importer(815301076,1909f56bfc062723c751e8b465ee728b)
Start importing Assets/Resources/Tiles/MCTile/tiles.prefab using Guid(6d03c074bce83d646b86c400825ff525) Importer(815301076,1909f56bfc062723c751e8b465ee728b)  -> (artifact id: '2ee9c363da948d3ad6501dffe952a8c9') in 0.023517 seconds 
========================================================================
Received Import Request.
  Time since last request: 0.000072 seconds.
  path: Assets/Resources/Tiles/MCTile/grass_block_top.asset
  artifactKey: Guid(12b0b9701786f1d4180e9129ee22a2ec) Importer(815301076,1909f56bfc062723c751e8b465ee728b)
Start importing Assets/Resources/Tiles/MCTile/grass_block_top.asset using Guid(12b0b9701786f1d4180e9129ee22a2ec) Importer(815301076,1909f56bfc062723c751e8b465ee728b)  -> (artifact id: '465d75db491db67dc66e434b2bdcf943') in 0.030043 seconds 
========================================================================
Received Import Request.
  Time since last request: 0.000126 seconds.
  path: Assets/Resources/Tiles/MCTile/stone.asset
  artifactKey: Guid(d675ba160d87fc24eb756ff0675535cc) Importer(815301076,1909f56bfc062723c751e8b465ee728b)
Start importing Assets/Resources/Tiles/MCTile/stone.asset using Guid(d675ba160d87fc24eb756ff0675535cc) Importer(815301076,1909f56bfc062723c751e8b465ee728b)  -> (artifact id: '7bb49a6e9608ae9f127b02bb401b5337') in 0.019719 seconds 
========================================================================
Received Import Request.
  Time since last request: 0.000062 seconds.
  path: Assets/Resources/Tiles/MCTile/obsidian.asset
  artifactKey: Guid(e84b825256a84c14082be12f9ded5a2c) Importer(815301076,1909f56bfc062723c751e8b465ee728b)
Start importing Assets/Resources/Tiles/MCTile/obsidian.asset using Guid(e84b825256a84c14082be12f9ded5a2c) Importer(815301076,1909f56bfc062723c751e8b465ee728b)  -> (artifact id: '8fd7efdb9b7198be995fb98b4e6e63df') in 0.017275 seconds 
========================================================================
Received Import Request.
  Time since last request: 0.000058 seconds.
  path: Assets/Resources/Tiles/MCTile/dirt.asset
  artifactKey: Guid(f19e8852169210546a861026c709e59b) Importer(815301076,1909f56bfc062723c751e8b465ee728b)
Start importing Assets/Resources/Tiles/MCTile/dirt.asset using Guid(f19e8852169210546a861026c709e59b) Importer(815301076,1909f56bfc062723c751e8b465ee728b)  -> (artifact id: 'a44e90e3b2dfccd9b6fce1a7625a3a7f') in 0.014198 seconds 
========================================================================
Received Import Request.
  Time since last request: 18.097179 seconds.
  path: Assets/Resources/Tiles/MCTile/TileExploded.asset
  artifactKey: Guid(72b66d054e8968547bedc961ed19a058) Importer(815301076,1909f56bfc062723c751e8b465ee728b)
Start importing Assets/Resources/Tiles/MCTile/TileExploded.asset using Guid(72b66d054e8968547bedc961ed19a058) Importer(815301076,1909f56bfc062723c751e8b465ee728b)  -> (artifact id: '53af82adecdb0611ef21bc96fc821fa5') in 0.018806 seconds 
========================================================================
Received Import Request.
  Time since last request: 13.220856 seconds.
  path: Assets/Resources/Tiles/MCTile/TileUnknown.asset
  artifactKey: Guid(12b0b9701786f1d4180e9129ee22a2ec) Importer(815301076,1909f56bfc062723c751e8b465ee728b)
Start importing Assets/Resources/Tiles/MCTile/TileUnknown.asset using Guid(12b0b9701786f1d4180e9129ee22a2ec) Importer(815301076,1909f56bfc062723c751e8b465ee728b)  -> (artifact id: 'e18b5d0efee2253d0ae497e1ac77ff49') in 0.019048 seconds 
========================================================================
Received Import Request.
  Time since last request: 4.689912 seconds.
  path: Assets/Resources/Tiles/MCTile/TileEmpty.asset
  artifactKey: Guid(f19e8852169210546a861026c709e59b) Importer(815301076,1909f56bfc062723c751e8b465ee728b)
Start importing Assets/Resources/Tiles/MCTile/TileEmpty.asset using Guid(f19e8852169210546a861026c709e59b) Importer(815301076,1909f56bfc062723c751e8b465ee728b)  -> (artifact id: 'd85e4a593a46fe66a35b4a296c5dc64a') in 0.019788 seconds 
========================================================================
Received Import Request.
  Time since last request: 11.847983 seconds.
  path: Assets/Resources/Tiles/MCTile/TileFlag.asset
  artifactKey: Guid(d949ff37ff634ef4090f3e9dd06cfcb4) Importer(815301076,1909f56bfc062723c751e8b465ee728b)
Start importing Assets/Resources/Tiles/MCTile/TileFlag.asset using Guid(d949ff37ff634ef4090f3e9dd06cfcb4) Importer(815301076,1909f56bfc062723c751e8b465ee728b)  -> (artifact id: '5821d6b36e4910007235c92ecf83e7fa') in 0.018971 seconds 
========================================================================
Received Import Request.
  Time since last request: 19.611070 seconds.
  path: Assets/Resources/Tiles/MCTile/TileMine.asset
  artifactKey: Guid(72b66d054e8968547bedc961ed19a058) Importer(815301076,1909f56bfc062723c751e8b465ee728b)
Start importing Assets/Resources/Tiles/MCTile/TileMine.asset using Guid(72b66d054e8968547bedc961ed19a058) Importer(815301076,1909f56bfc062723c751e8b465ee728b)  -> (artifact id: '5656e86b396d217a18793280fdb06509') in 0.019428 seconds 
========================================================================
Received Import Request.
  Time since last request: 4.908771 seconds.
  path: Assets/Resources/Tiles/MCTile/TileExploded.asset
  artifactKey: Guid(fc2239988c4d8b04f86b18fa43fc6661) Importer(815301076,1909f56bfc062723c751e8b465ee728b)
Start importing Assets/Resources/Tiles/MCTile/TileExploded.asset using Guid(fc2239988c4d8b04f86b18fa43fc6661) Importer(815301076,1909f56bfc062723c751e8b465ee728b)  -> (artifact id: '94fae41ae18ec7eeca568c9a51320deb') in 0.010580 seconds 
========================================================================
Received Import Request.
  Time since last request: 26.570487 seconds.
  path: Assets/Resources/Tiles/MCTile/Tile1.asset
  artifactKey: Guid(d675ba160d87fc24eb756ff0675535cc) Importer(815301076,1909f56bfc062723c751e8b465ee728b)
Start importing Assets/Resources/Tiles/MCTile/Tile1.asset using Guid(d675ba160d87fc24eb756ff0675535cc) Importer(815301076,1909f56bfc062723c751e8b465ee728b)  -> (artifact id: '0bbb7aafe89e9ea51cef81a7b34f3f76') in 0.022499 seconds 
========================================================================
Received Import Request.
  Time since last request: 4.018429 seconds.
  path: Assets/Resources/Tiles/MCTile/Tile2.asset
  artifactKey: Guid(275d61d63123d244d8f8a50b6894da7a) Importer(815301076,1909f56bfc062723c751e8b465ee728b)
Start importing Assets/Resources/Tiles/MCTile/Tile2.asset using Guid(275d61d63123d244d8f8a50b6894da7a) Importer(815301076,1909f56bfc062723c751e8b465ee728b)  -> (artifact id: '97c10dce648c43b5e9262e92fec3a3df') in 0.019599 seconds 
========================================================================
Received Import Request.
  Time since last request: 4.974290 seconds.
  path: Assets/Resources/Tiles/MCTile/Tile3.asset
  artifactKey: Guid(8069b30078b6fbc43b3101ef117c046f) Importer(815301076,1909f56bfc062723c751e8b465ee728b)
Start importing Assets/Resources/Tiles/MCTile/Tile3.asset using Guid(8069b30078b6fbc43b3101ef117c046f) Importer(815301076,1909f56bfc062723c751e8b465ee728b)  -> (artifact id: '69d9c085c33021bba2e46b0abdc703dd') in 0.018905 seconds 
========================================================================
Received Import Request.
  Time since last request: 119.053442 seconds.
  path: Assets/Sprites/MC/blackstone.png
  artifactKey: Guid(a34da9ea3d67ef34d9339af825558b9c) Importer(815301076,1909f56bfc062723c751e8b465ee728b)
Start importing Assets/Sprites/MC/blackstone.png using Guid(a34da9ea3d67ef34d9339af825558b9c) Importer(815301076,1909f56bfc062723c751e8b465ee728b)  -> (artifact id: '67f27f5ee6a7b022d4e9bc6c3921e5d3') in 0.023904 seconds 
========================================================================
Received Import Request.
  Time since last request: 54.882445 seconds.
  path: Assets/Sprites/MC/ancient_debris_top.png
  artifactKey: Guid(256a22a17aa42c845bb8695aeaa66f7b) Importer(815301076,1909f56bfc062723c751e8b465ee728b)
Start importing Assets/Sprites/MC/ancient_debris_top.png using Guid(256a22a17aa42c845bb8695aeaa66f7b) Importer(815301076,1909f56bfc062723c751e8b465ee728b)  -> (artifact id: 'be01b57cf65c87d00858ead62f45e3f5') in 0.025501 seconds 
========================================================================
Received Import Request.
  Time since last request: 10.966303 seconds.
  path: Assets/Sprites/MC/bedrock.png
  artifactKey: Guid(f3061a81ce121824b861a9ce6bdbccd6) Importer(815301076,1909f56bfc062723c751e8b465ee728b)
Start importing Assets/Sprites/MC/bedrock.png using Guid(f3061a81ce121824b861a9ce6bdbccd6) Importer(815301076,1909f56bfc062723c751e8b465ee728b)  -> (artifact id: '22b1753a132194fec04f524f4155c6d3') in 0.021961 seconds 
========================================================================
Received Import Request.
  Time since last request: 10.043006 seconds.
  path: Assets/Sprites/MC/ancient_debris_top.png
  artifactKey: Guid(256a22a17aa42c845bb8695aeaa66f7b) Importer(815301076,1909f56bfc062723c751e8b465ee728b)
Start importing Assets/Sprites/MC/ancient_debris_top.png using Guid(256a22a17aa42c845bb8695aeaa66f7b) Importer(815301076,1909f56bfc062723c751e8b465ee728b)  -> (artifact id: 'c04db1587904152fde9683de89964c4e') in 0.018538 seconds 
========================================================================
Received Import Request.
  Time since last request: 7.300664 seconds.
  path: Assets/Sprites/MC/blackstone.png
  artifactKey: Guid(a34da9ea3d67ef34d9339af825558b9c) Importer(815301076,1909f56bfc062723c751e8b465ee728b)
Start importing Assets/Sprites/MC/blackstone.png using Guid(a34da9ea3d67ef34d9339af825558b9c) Importer(815301076,1909f56bfc062723c751e8b465ee728b)  -> (artifact id: '27d44798a70e14921f4cfec828951e25') in 0.018369 seconds 
========================================================================
Received Import Request.
  Time since last request: 43.622908 seconds.
  path: Assets/Resources/Tiles/MCTile/ancient_debris_top.asset
  artifactKey: Guid(6624ac86bccd8244aa3f6ecd423f42d2) Importer(815301076,1909f56bfc062723c751e8b465ee728b)
Start importing Assets/Resources/Tiles/MCTile/ancient_debris_top.asset using Guid(6624ac86bccd8244aa3f6ecd423f42d2) Importer(815301076,1909f56bfc062723c751e8b465ee728b)  -> (artifact id: '9bc2008fa531603477651c7e118a83a7') in 0.017975 seconds 
========================================================================
Received Import Request.
  Time since last request: 0.000056 seconds.
  path: Assets/Resources/Tiles/MCTile/tiles.prefab
  artifactKey: Guid(6d03c074bce83d646b86c400825ff525) Importer(815301076,1909f56bfc062723c751e8b465ee728b)
Start importing Assets/Resources/Tiles/MCTile/tiles.prefab using Guid(6d03c074bce83d646b86c400825ff525) Importer(815301076,1909f56bfc062723c751e8b465ee728b)  -> (artifact id: 'bb83db5c79dd29b3849247c8a1fc6158') in 0.033202 seconds 
========================================================================
Received Import Request.
  Time since last request: 22.894614 seconds.
  path: Assets/Resources/Tiles/MCTile/Tile4.asset
  artifactKey: Guid(cf14289f4591a474e90fe09bf1a8aeda) Importer(815301076,1909f56bfc062723c751e8b465ee728b)
Start importing Assets/Resources/Tiles/MCTile/Tile4.asset using Guid(cf14289f4591a474e90fe09bf1a8aeda) Importer(815301076,1909f56bfc062723c751e8b465ee728b)  -> (artifact id: '6e73020a29515b1f43338b55f0924124') in 0.017840 seconds 
========================================================================
Received Import Request.
  Time since last request: 3.991034 seconds.
  path: Assets/Resources/Tiles/MCTile/Tile5.asset
  artifactKey: Guid(e84b825256a84c14082be12f9ded5a2c) Importer(815301076,1909f56bfc062723c751e8b465ee728b)
Start importing Assets/Resources/Tiles/MCTile/Tile5.asset using Guid(e84b825256a84c14082be12f9ded5a2c) Importer(815301076,1909f56bfc062723c751e8b465ee728b)  -> (artifact id: '3ca589c355f4c488fb487a3f3aa7c891') in 0.017495 seconds 
========================================================================
Received Import Request.
  Time since last request: 4.207134 seconds.
  path: Assets/Resources/Tiles/MCTile/Tile6.asset
  artifactKey: Guid(ec6989b0fdba06e48826864d4c59b56c) Importer(815301076,1909f56bfc062723c751e8b465ee728b)
Start importing Assets/Resources/Tiles/MCTile/Tile6.asset using Guid(ec6989b0fdba06e48826864d4c59b56c) Importer(815301076,1909f56bfc062723c751e8b465ee728b)  -> (artifact id: '3186922ff1d8567af54ce05ac72184ac') in 0.019406 seconds 
========================================================================
Received Import Request.
  Time since last request: 4.407201 seconds.
  path: Assets/Resources/Tiles/MCTile/Tile7.asset
  artifactKey: Guid(6624ac86bccd8244aa3f6ecd423f42d2) Importer(815301076,1909f56bfc062723c751e8b465ee728b)
Start importing Assets/Resources/Tiles/MCTile/Tile7.asset using Guid(6624ac86bccd8244aa3f6ecd423f42d2) Importer(815301076,1909f56bfc062723c751e8b465ee728b)  -> (artifact id: '100f63c78013cafe85e388f8d708d752') in 0.017810 seconds 
========================================================================
Received Import Request.
  Time since last request: 3.630345 seconds.
  path: Assets/Resources/Tiles/MCTile/Tile8.asset
  artifactKey: Guid(19e5fe1f1a9776e469024ee82d423300) Importer(815301076,1909f56bfc062723c751e8b465ee728b)
Start importing Assets/Resources/Tiles/MCTile/Tile8.asset using Guid(19e5fe1f1a9776e469024ee82d423300) Importer(815301076,1909f56bfc062723c751e8b465ee728b)  -> (artifact id: '446e918b50ccf55e4d0de6dc58507d64') in 0.017680 seconds 
========================================================================
Received Prepare
Registering precompiled user dll's ...
Registered in 0.024666 seconds.
Begin MonoManager ReloadAssembly
Symbol file LoadedFromMemory doesn't match image C:\Users\brieh\Documents\_IMGD 1001\Minesweeper-IMGD1001\Project\Library\PackageCache\com.unity.visualscripting@1.7.8\Editor\VisualScripting.Core\Dependencies\YamlDotNet\Unity.VisualScripting.YamlDotNet.dll
Symbol file LoadedFromMemory doesn't match image C:\Users\brieh\Documents\_IMGD 1001\Minesweeper-IMGD1001\Project\Library\PackageCache\com.unity.visualscripting@1.7.8\Editor\VisualScripting.Core\Dependencies\DotNetZip\Unity.VisualScripting.IonicZip.dll
Native extension for WindowsStandalone target not found
Native extension for WebGL target not found
Refreshing native plugins compatible for Editor in 1.94 ms, found 4 plugins.
Preloading 0 native plugins for Editor in 0.00 ms.
Mono: successfully reloaded assembly
- Completed reload, in  2.344 seconds
Domain Reload Profiling:
	ReloadAssembly (2346ms)
		BeginReloadAssembly (299ms)
			ExecutionOrderSort (0ms)
			DisableScriptedObjects (16ms)
			BackupInstance (0ms)
			ReleaseScriptingObjects (0ms)
			CreateAndSetChildDomain (92ms)
		EndReloadAssembly (1800ms)
			LoadAssemblies (212ms)
			RebuildTransferFunctionScriptingTraits (0ms)
			SetupTypeCache (510ms)
			ReleaseScriptCaches (3ms)
			RebuildScriptCaches (112ms)
			SetupLoadedEditorAssemblies (846ms)
				LogAssemblyErrors (0ms)
				InitializePlatformSupportModulesInManaged (33ms)
				SetLoadedEditorAssemblies (1ms)
				RefreshPlugins (2ms)
				BeforeProcessingInitializeOnLoad (177ms)
				ProcessInitializeOnLoadAttributes (521ms)
				ProcessInitializeOnLoadMethodAttributes (95ms)
				AfterProcessingInitializeOnLoad (17ms)
				EditorAssembliesLoaded (1ms)
			ExecutionOrderSort2 (0ms)
			AwakeInstancesAfterBackupRestoration (22ms)
Platform modules already initialized, skipping
Refreshing native plugins compatible for Editor in 7.59 ms, found 4 plugins.
Preloading 0 native plugins for Editor in 0.00 ms.
Unloading 4066 Unused Serialized files (Serialized files now loaded: 0)
Unloading 25 unused Assets / (24.6 KB). Loaded Objects now: 4581.
Memory consumption went from 156.4 MB to 156.3 MB.
Total: 7.386700 ms (FindLiveObjects: 0.767200 ms CreateObjectMapping: 0.327400 ms MarkObjects: 6.133500 ms  DeleteObjects: 0.156000 ms)

AssetImportParameters requested are different than current active one (requested -> active):
  custom:video-decoder-ogg-theora: a1e56fd34408186e4bbccfd4996cb3dc -> 
  custom:container-muxer-webm: aa71ff27fc2769a1b78a27578f13a17b -> 
  custom:container-demuxer-webm: 4f35f7cbe854078d1ac9338744f61a02 -> 
  custom:video-encoder-webm-vp8: eb34c28f22e8b96e1ab97ce403110664 -> 
  custom:video-codec-MediaFoundation-h265: 746d11721c4dcdbdad8f713fa42b33f4 -> 
  custom:audio-encoder-webm-vorbis: bf7c407c2cedff20999df2af8eb42d56 -> 
  custom:framework-win-MediaFoundation: 216162199b28c13a410421893ffa2e32 -> 
  custom:container-demuxer-ogg: 62fdf1f143b41e24485cea50d1cbac27 -> 
  custom:video-decoder-webm-vp8: 9c59270c3fd7afecdb556c50c9e8de78 -> 
  custom:audio-decoder-ogg-vorbis: bf7c407c2cedff20999df2af8eb42d56 -> 
========================================================================
Received Import Request.
  Time since last request: 305.540023 seconds.
  path: Assets/Resources/Tiles/MCTile/Tile7.asset
  artifactKey: Guid(6624ac86bccd8244aa3f6ecd423f42d2) Importer(815301076,1909f56bfc062723c751e8b465ee728b)
Start importing Assets/Resources/Tiles/MCTile/Tile7.asset using Guid(6624ac86bccd8244aa3f6ecd423f42d2) Importer(815301076,1909f56bfc062723c751e8b465ee728b)  -> (artifact id: 'a3e335474d0dc7402f783c1d83b4aadc') in 0.111818 seconds 
========================================================================
Received Import Request.
  Time since last request: 0.000053 seconds.
  path: Assets/Resources/Tiles/MCTile/TileEmpty.asset
  artifactKey: Guid(f19e8852169210546a861026c709e59b) Importer(815301076,1909f56bfc062723c751e8b465ee728b)
Start importing Assets/Resources/Tiles/MCTile/TileEmpty.asset using Guid(f19e8852169210546a861026c709e59b) Importer(815301076,1909f56bfc062723c751e8b465ee728b)  -> (artifact id: 'c365451834db06351bfc4b0a7bde5e96') in 0.018376 seconds 
========================================================================
Received Import Request.
  Time since last request: 109.620418 seconds.
  path: Assets/Resources/Tiles/MCTile/Tile1.asset
  artifactKey: Guid(d675ba160d87fc24eb756ff0675535cc) Importer(815301076,1909f56bfc062723c751e8b465ee728b)
Start importing Assets/Resources/Tiles/MCTile/Tile1.asset using Guid(d675ba160d87fc24eb756ff0675535cc) Importer(815301076,1909f56bfc062723c751e8b465ee728b)  -> (artifact id: '14e9be3f2d9587db444f2ec49b66fe3f') in 0.015347 seconds 
========================================================================
Received Import Request.
  Time since last request: 0.000040 seconds.
  path: Assets/Resources/Tiles/MCTile/Tile3.asset
  artifactKey: Guid(8069b30078b6fbc43b3101ef117c046f) Importer(815301076,1909f56bfc062723c751e8b465ee728b)
Start importing Assets/Resources/Tiles/MCTile/Tile3.asset using Guid(8069b30078b6fbc43b3101ef117c046f) Importer(815301076,1909f56bfc062723c751e8b465ee728b)  -> (artifact id: '10295cd96e5fc65fefa1645ab1b0e309') in 0.017403 seconds 
========================================================================
Received Import Request.
  Time since last request: 70.728124 seconds.
  path: Assets/Resources/Tiles/MCTile/Tile4.asset
  artifactKey: Guid(cf14289f4591a474e90fe09bf1a8aeda) Importer(815301076,1909f56bfc062723c751e8b465ee728b)
Start importing Assets/Resources/Tiles/MCTile/Tile4.asset using Guid(cf14289f4591a474e90fe09bf1a8aeda) Importer(815301076,1909f56bfc062723c751e8b465ee728b)  -> (artifact id: '31a163277618a457fb779feb8d458e8d') in 0.022184 seconds 
========================================================================
Received Import Request.
  Time since last request: 0.000055 seconds.
  path: Assets/Resources/Tiles/MCTile/Tile6.asset
  artifactKey: Guid(ec6989b0fdba06e48826864d4c59b56c) Importer(815301076,1909f56bfc062723c751e8b465ee728b)
Start importing Assets/Resources/Tiles/MCTile/Tile6.asset using Guid(ec6989b0fdba06e48826864d4c59b56c) Importer(815301076,1909f56bfc062723c751e8b465ee728b)  -> (artifact id: '89380730df26eed601a519bdaa98842c') in 0.019601 seconds 
========================================================================
Received Prepare
Registering precompiled user dll's ...
Registered in 0.017178 seconds.
Begin MonoManager ReloadAssembly
Symbol file LoadedFromMemory doesn't match image C:\Users\brieh\Documents\_IMGD 1001\Minesweeper-IMGD1001\Project\Library\PackageCache\com.unity.visualscripting@1.7.8\Editor\VisualScripting.Core\Dependencies\YamlDotNet\Unity.VisualScripting.YamlDotNet.dll
Symbol file LoadedFromMemory doesn't match image C:\Users\brieh\Documents\_IMGD 1001\Minesweeper-IMGD1001\Project\Library\PackageCache\com.unity.visualscripting@1.7.8\Editor\VisualScripting.Core\Dependencies\DotNetZip\Unity.VisualScripting.IonicZip.dll
Native extension for WindowsStandalone target not found
Native extension for WebGL target not found
Refreshing native plugins compatible for Editor in 1.58 ms, found 4 plugins.
Preloading 0 native plugins for Editor in 0.00 ms.
Mono: successfully reloaded assembly
- Completed reload, in  2.168 seconds
Domain Reload Profiling:
	ReloadAssembly (2169ms)
		BeginReloadAssembly (240ms)
			ExecutionOrderSort (0ms)
			DisableScriptedObjects (15ms)
			BackupInstance (0ms)
			ReleaseScriptingObjects (0ms)
			CreateAndSetChildDomain (70ms)
		EndReloadAssembly (1750ms)
			LoadAssemblies (159ms)
			RebuildTransferFunctionScriptingTraits (0ms)
			SetupTypeCache (484ms)
			ReleaseScriptCaches (2ms)
			RebuildScriptCaches (100ms)
			SetupLoadedEditorAssemblies (872ms)
				LogAssemblyErrors (0ms)
				InitializePlatformSupportModulesInManaged (32ms)
				SetLoadedEditorAssemblies (1ms)
				RefreshPlugins (2ms)
				BeforeProcessingInitializeOnLoad (183ms)
				ProcessInitializeOnLoadAttributes (531ms)
				ProcessInitializeOnLoadMethodAttributes (100ms)
				AfterProcessingInitializeOnLoad (23ms)
				EditorAssembliesLoaded (0ms)
			ExecutionOrderSort2 (0ms)
			AwakeInstancesAfterBackupRestoration (16ms)
Platform modules already initialized, skipping
Refreshing native plugins compatible for Editor in 9.97 ms, found 4 plugins.
Preloading 0 native plugins for Editor in 0.00 ms.
Unloading 4066 Unused Serialized files (Serialized files now loaded: 0)
Unloading 25 unused Assets / (24.6 KB). Loaded Objects now: 4585.
Memory consumption went from 156.4 MB to 156.4 MB.
Total: 6.589000 ms (FindLiveObjects: 0.439100 ms CreateObjectMapping: 0.216600 ms MarkObjects: 5.830300 ms  DeleteObjects: 0.100800 ms)

AssetImportParameters requested are different than current active one (requested -> active):
  custom:video-decoder-ogg-theora: a1e56fd34408186e4bbccfd4996cb3dc -> 
  custom:container-muxer-webm: aa71ff27fc2769a1b78a27578f13a17b -> 
  custom:container-demuxer-webm: 4f35f7cbe854078d1ac9338744f61a02 -> 
  custom:video-encoder-webm-vp8: eb34c28f22e8b96e1ab97ce403110664 -> 
  custom:video-codec-MediaFoundation-h265: 746d11721c4dcdbdad8f713fa42b33f4 -> 
  custom:audio-encoder-webm-vorbis: bf7c407c2cedff20999df2af8eb42d56 -> 
  custom:framework-win-MediaFoundation: 216162199b28c13a410421893ffa2e32 -> 
  custom:container-demuxer-ogg: 62fdf1f143b41e24485cea50d1cbac27 -> 
  custom:video-decoder-webm-vp8: 9c59270c3fd7afecdb556c50c9e8de78 -> 
  custom:audio-decoder-ogg-vorbis: bf7c407c2cedff20999df2af8eb42d56 -> 
========================================================================
Received Prepare
Registering precompiled user dll's ...
Registered in 0.015192 seconds.
Begin MonoManager ReloadAssembly
Symbol file LoadedFromMemory doesn't match image C:\Users\brieh\Documents\_IMGD 1001\Minesweeper-IMGD1001\Project\Library\PackageCache\com.unity.visualscripting@1.7.8\Editor\VisualScripting.Core\Dependencies\YamlDotNet\Unity.VisualScripting.YamlDotNet.dll
Symbol file LoadedFromMemory doesn't match image C:\Users\brieh\Documents\_IMGD 1001\Minesweeper-IMGD1001\Project\Library\PackageCache\com.unity.visualscripting@1.7.8\Editor\VisualScripting.Core\Dependencies\DotNetZip\Unity.VisualScripting.IonicZip.dll
Native extension for WindowsStandalone target not found
Native extension for WebGL target not found
Refreshing native plugins compatible for Editor in 1.29 ms, found 4 plugins.
Preloading 0 native plugins for Editor in 0.00 ms.
Mono: successfully reloaded assembly
- Completed reload, in  2.037 seconds
Domain Reload Profiling:
	ReloadAssembly (2039ms)
		BeginReloadAssembly (237ms)
			ExecutionOrderSort (0ms)
			DisableScriptedObjects (13ms)
			BackupInstance (0ms)
			ReleaseScriptingObjects (0ms)
			CreateAndSetChildDomain (62ms)
		EndReloadAssembly (1580ms)
			LoadAssemblies (170ms)
			RebuildTransferFunctionScriptingTraits (0ms)
			SetupTypeCache (454ms)
			ReleaseScriptCaches (2ms)
			RebuildScriptCaches (90ms)
			SetupLoadedEditorAssemblies (771ms)
				LogAssemblyErrors (0ms)
				InitializePlatformSupportModulesInManaged (27ms)
				SetLoadedEditorAssemblies (1ms)
				RefreshPlugins (1ms)
				BeforeProcessingInitializeOnLoad (163ms)
				ProcessInitializeOnLoadAttributes (457ms)
				ProcessInitializeOnLoadMethodAttributes (104ms)
				AfterProcessingInitializeOnLoad (18ms)
				EditorAssembliesLoaded (0ms)
			ExecutionOrderSort2 (0ms)
			AwakeInstancesAfterBackupRestoration (15ms)
Platform modules already initialized, skipping
Refreshing native plugins compatible for Editor in 5.97 ms, found 4 plugins.
Preloading 0 native plugins for Editor in 0.00 ms.
Unloading 4066 Unused Serialized files (Serialized files now loaded: 0)
Unloading 25 unused Assets / (24.6 KB). Loaded Objects now: 4588.
Memory consumption went from 156.4 MB to 156.4 MB.
Total: 5.994000 ms (FindLiveObjects: 0.428600 ms CreateObjectMapping: 0.194500 ms MarkObjects: 5.325400 ms  DeleteObjects: 0.043800 ms)

AssetImportParameters requested are different than current active one (requested -> active):
  custom:video-decoder-ogg-theora: a1e56fd34408186e4bbccfd4996cb3dc -> 
  custom:container-muxer-webm: aa71ff27fc2769a1b78a27578f13a17b -> 
  custom:container-demuxer-webm: 4f35f7cbe854078d1ac9338744f61a02 -> 
  custom:video-encoder-webm-vp8: eb34c28f22e8b96e1ab97ce403110664 -> 
  custom:video-codec-MediaFoundation-h265: 746d11721c4dcdbdad8f713fa42b33f4 -> 
  custom:audio-encoder-webm-vorbis: bf7c407c2cedff20999df2af8eb42d56 -> 
  custom:framework-win-MediaFoundation: 216162199b28c13a410421893ffa2e32 -> 
  custom:container-demuxer-ogg: 62fdf1f143b41e24485cea50d1cbac27 -> 
  custom:video-decoder-webm-vp8: 9c59270c3fd7afecdb556c50c9e8de78 -> 
  custom:audio-decoder-ogg-vorbis: bf7c407c2cedff20999df2af8eb42d56 -> 
========================================================================
Received Import Request.
  Time since last request: 426.340639 seconds.
  path: Assets/Resources/Sprite
  artifactKey: Guid(89de0a276e53d2a4caba2d33188ce0dc) Importer(815301076,1909f56bfc062723c751e8b465ee728b)
Start importing Assets/Resources/Sprite using Guid(89de0a276e53d2a4caba2d33188ce0dc) Importer(815301076,1909f56bfc062723c751e8b465ee728b)  -> (artifact id: 'aec6fcee264a92fac15f9d7ddfcc3f3b') in 0.034270 seconds 
========================================================================
Received Import Request.
  Time since last request: 7.111760 seconds.
  path: Assets/Resources/Sprite/f0d16837ef09f1c8cb95625b17bc87af8f969a87r1-2048-1536v2_uhq.jpg
  artifactKey: Guid(00257d12e360baa48b5e3da9cd2634a4) Importer(815301076,1909f56bfc062723c751e8b465ee728b)
Start importing Assets/Resources/Sprite/f0d16837ef09f1c8cb95625b17bc87af8f969a87r1-2048-1536v2_uhq.jpg using Guid(00257d12e360baa48b5e3da9cd2634a4) Importer(815301076,1909f56bfc062723c751e8b465ee728b)  -> (artifact id: '32917f42611576554902c155a5f9e451') in 0.757069 seconds 
========================================================================
Received Import Request.
  Time since last request: 3.667800 seconds.
  path: Assets/Resources/Sprite/endVoid.jpg
  artifactKey: Guid(00257d12e360baa48b5e3da9cd2634a4) Importer(815301076,1909f56bfc062723c751e8b465ee728b)
Start importing Assets/Resources/Sprite/endVoid.jpg using Guid(00257d12e360baa48b5e3da9cd2634a4) Importer(815301076,1909f56bfc062723c751e8b465ee728b)  -> (artifact id: '8e3d231d3654c99063f70b4e794bb357') in 0.555675 seconds 
========================================================================
Received Prepare
Registering precompiled user dll's ...
Registered in 0.014456 seconds.
Begin MonoManager ReloadAssembly
Symbol file LoadedFromMemory doesn't match image C:\Users\brieh\Documents\_IMGD 1001\Minesweeper-IMGD1001\Project\Library\PackageCache\com.unity.visualscripting@1.7.8\Editor\VisualScripting.Core\Dependencies\YamlDotNet\Unity.VisualScripting.YamlDotNet.dll
Symbol file LoadedFromMemory doesn't match image C:\Users\brieh\Documents\_IMGD 1001\Minesweeper-IMGD1001\Project\Library\PackageCache\com.unity.visualscripting@1.7.8\Editor\VisualScripting.Core\Dependencies\DotNetZip\Unity.VisualScripting.IonicZip.dll
Native extension for WindowsStandalone target not found
Native extension for WebGL target not found
Refreshing native plugins compatible for Editor in 2.07 ms, found 4 plugins.
Preloading 0 native plugins for Editor in 0.00 ms.
Mono: successfully reloaded assembly
- Completed reload, in  2.321 seconds
Domain Reload Profiling:
	ReloadAssembly (2323ms)
		BeginReloadAssembly (231ms)
			ExecutionOrderSort (0ms)
			DisableScriptedObjects (13ms)
			BackupInstance (0ms)
			ReleaseScriptingObjects (0ms)
			CreateAndSetChildDomain (62ms)
		EndReloadAssembly (1891ms)
			LoadAssemblies (188ms)
			RebuildTransferFunctionScriptingTraits (0ms)
			SetupTypeCache (531ms)
			ReleaseScriptCaches (3ms)
			RebuildScriptCaches (115ms)
			SetupLoadedEditorAssemblies (894ms)
				LogAssemblyErrors (0ms)
				InitializePlatformSupportModulesInManaged (34ms)
				SetLoadedEditorAssemblies (1ms)
				RefreshPlugins (2ms)
				BeforeProcessingInitializeOnLoad (189ms)
				ProcessInitializeOnLoadAttributes (544ms)
				ProcessInitializeOnLoadMethodAttributes (104ms)
				AfterProcessingInitializeOnLoad (19ms)
				EditorAssembliesLoaded (0ms)
			ExecutionOrderSort2 (0ms)
			AwakeInstancesAfterBackupRestoration (21ms)
Platform modules already initialized, skipping
Refreshing native plugins compatible for Editor in 5.48 ms, found 4 plugins.
Preloading 0 native plugins for Editor in 0.00 ms.
Unloading 4066 Unused Serialized files (Serialized files now loaded: 0)
Unloading 25 unused Assets / (24.7 KB). Loaded Objects now: 4594.
Memory consumption went from 156.4 MB to 156.4 MB.
Total: 5.830900 ms (FindLiveObjects: 0.600300 ms CreateObjectMapping: 0.194000 ms MarkObjects: 4.981900 ms  DeleteObjects: 0.053300 ms)

AssetImportParameters requested are different than current active one (requested -> active):
  custom:video-decoder-ogg-theora: a1e56fd34408186e4bbccfd4996cb3dc -> 
  custom:container-muxer-webm: aa71ff27fc2769a1b78a27578f13a17b -> 
  custom:container-demuxer-webm: 4f35f7cbe854078d1ac9338744f61a02 -> 
  custom:video-encoder-webm-vp8: eb34c28f22e8b96e1ab97ce403110664 -> 
  custom:video-codec-MediaFoundation-h265: 746d11721c4dcdbdad8f713fa42b33f4 -> 
  custom:audio-encoder-webm-vorbis: bf7c407c2cedff20999df2af8eb42d56 -> 
  custom:framework-win-MediaFoundation: 216162199b28c13a410421893ffa2e32 -> 
  custom:container-demuxer-ogg: 62fdf1f143b41e24485cea50d1cbac27 -> 
  custom:video-decoder-webm-vp8: 9c59270c3fd7afecdb556c50c9e8de78 -> 
  custom:audio-decoder-ogg-vorbis: bf7c407c2cedff20999df2af8eb42d56 -> 
========================================================================
Received Prepare
Registering precompiled user dll's ...
Registered in 0.013618 seconds.
Begin MonoManager ReloadAssembly
Symbol file LoadedFromMemory doesn't match image C:\Users\brieh\Documents\_IMGD 1001\Minesweeper-IMGD1001\Project\Library\PackageCache\com.unity.visualscripting@1.7.8\Editor\VisualScripting.Core\Dependencies\YamlDotNet\Unity.VisualScripting.YamlDotNet.dll
Symbol file LoadedFromMemory doesn't match image C:\Users\brieh\Documents\_IMGD 1001\Minesweeper-IMGD1001\Project\Library\PackageCache\com.unity.visualscripting@1.7.8\Editor\VisualScripting.Core\Dependencies\DotNetZip\Unity.VisualScripting.IonicZip.dll
Native extension for WindowsStandalone target not found
Native extension for WebGL target not found
Refreshing native plugins compatible for Editor in 1.44 ms, found 4 plugins.
Preloading 0 native plugins for Editor in 0.00 ms.
Mono: successfully reloaded assembly
- Completed reload, in  1.952 seconds
Domain Reload Profiling:
	ReloadAssembly (1953ms)
		BeginReloadAssembly (229ms)
			ExecutionOrderSort (0ms)
			DisableScriptedObjects (17ms)
			BackupInstance (0ms)
			ReleaseScriptingObjects (0ms)
			CreateAndSetChildDomain (59ms)
		EndReloadAssembly (1521ms)
			LoadAssemblies (172ms)
			RebuildTransferFunctionScriptingTraits (0ms)
			SetupTypeCache (376ms)
			ReleaseScriptCaches (2ms)
			RebuildScriptCaches (75ms)
			SetupLoadedEditorAssemblies (778ms)
				LogAssemblyErrors (0ms)
				InitializePlatformSupportModulesInManaged (28ms)
				SetLoadedEditorAssemblies (1ms)
				RefreshPlugins (2ms)
				BeforeProcessingInitializeOnLoad (175ms)
				ProcessInitializeOnLoadAttributes (471ms)
				ProcessInitializeOnLoadMethodAttributes (80ms)
				AfterProcessingInitializeOnLoad (21ms)
				EditorAssembliesLoaded (0ms)
			ExecutionOrderSort2 (0ms)
			AwakeInstancesAfterBackupRestoration (21ms)
Platform modules already initialized, skipping
Refreshing native plugins compatible for Editor in 5.42 ms, found 4 plugins.
Preloading 0 native plugins for Editor in 0.00 ms.
Unloading 4066 Unused Serialized files (Serialized files now loaded: 0)
Unloading 25 unused Assets / (24.6 KB). Loaded Objects now: 4597.
Memory consumption went from 156.4 MB to 156.4 MB.
Total: 5.768500 ms (FindLiveObjects: 0.385000 ms CreateObjectMapping: 0.354600 ms MarkObjects: 4.989700 ms  DeleteObjects: 0.037900 ms)

AssetImportParameters requested are different than current active one (requested -> active):
  custom:video-decoder-ogg-theora: a1e56fd34408186e4bbccfd4996cb3dc -> 
  custom:container-muxer-webm: aa71ff27fc2769a1b78a27578f13a17b -> 
  custom:container-demuxer-webm: 4f35f7cbe854078d1ac9338744f61a02 -> 
  custom:video-encoder-webm-vp8: eb34c28f22e8b96e1ab97ce403110664 -> 
  custom:video-codec-MediaFoundation-h265: 746d11721c4dcdbdad8f713fa42b33f4 -> 
  custom:audio-encoder-webm-vorbis: bf7c407c2cedff20999df2af8eb42d56 -> 
  custom:framework-win-MediaFoundation: 216162199b28c13a410421893ffa2e32 -> 
  custom:container-demuxer-ogg: 62fdf1f143b41e24485cea50d1cbac27 -> 
  custom:video-decoder-webm-vp8: 9c59270c3fd7afecdb556c50c9e8de78 -> 
  custom:audio-decoder-ogg-vorbis: bf7c407c2cedff20999df2af8eb42d56 -> 
========================================================================
Received Prepare
Registering precompiled user dll's ...
Registered in 0.022083 seconds.
Begin MonoManager ReloadAssembly
Symbol file LoadedFromMemory doesn't match image C:\Users\brieh\Documents\_IMGD 1001\Minesweeper-IMGD1001\Project\Library\PackageCache\com.unity.visualscripting@1.7.8\Editor\VisualScripting.Core\Dependencies\YamlDotNet\Unity.VisualScripting.YamlDotNet.dll
Symbol file LoadedFromMemory doesn't match image C:\Users\brieh\Documents\_IMGD 1001\Minesweeper-IMGD1001\Project\Library\PackageCache\com.unity.visualscripting@1.7.8\Editor\VisualScripting.Core\Dependencies\DotNetZip\Unity.VisualScripting.IonicZip.dll
Native extension for WindowsStandalone target not found
Native extension for WebGL target not found
Refreshing native plugins compatible for Editor in 1.94 ms, found 4 plugins.
Preloading 0 native plugins for Editor in 0.00 ms.
Mono: successfully reloaded assembly
- Completed reload, in  2.300 seconds
Domain Reload Profiling:
	ReloadAssembly (2302ms)
		BeginReloadAssembly (256ms)
			ExecutionOrderSort (0ms)
			DisableScriptedObjects (18ms)
			BackupInstance (0ms)
			ReleaseScriptingObjects (0ms)
			CreateAndSetChildDomain (64ms)
		EndReloadAssembly (1827ms)
			LoadAssemblies (199ms)
			RebuildTransferFunctionScriptingTraits (0ms)
			SetupTypeCache (537ms)
			ReleaseScriptCaches (3ms)
			RebuildScriptCaches (98ms)
			SetupLoadedEditorAssemblies (864ms)
				LogAssemblyErrors (0ms)
				InitializePlatformSupportModulesInManaged (33ms)
				SetLoadedEditorAssemblies (1ms)
				RefreshPlugins (2ms)
				BeforeProcessingInitializeOnLoad (178ms)
				ProcessInitializeOnLoadAttributes (530ms)
				ProcessInitializeOnLoadMethodAttributes (101ms)
				AfterProcessingInitializeOnLoad (19ms)
				EditorAssembliesLoaded (0ms)
			ExecutionOrderSort2 (0ms)
			AwakeInstancesAfterBackupRestoration (20ms)
Platform modules already initialized, skipping
Refreshing native plugins compatible for Editor in 6.50 ms, found 4 plugins.
Preloading 0 native plugins for Editor in 0.00 ms.
Unloading 4066 Unused Serialized files (Serialized files now loaded: 0)
Unloading 25 unused Assets / (24.7 KB). Loaded Objects now: 4600.
Memory consumption went from 156.4 MB to 156.4 MB.
Total: 6.528400 ms (FindLiveObjects: 0.635800 ms CreateObjectMapping: 0.258300 ms MarkObjects: 5.592600 ms  DeleteObjects: 0.039200 ms)

AssetImportParameters requested are different than current active one (requested -> active):
  custom:video-decoder-ogg-theora: a1e56fd34408186e4bbccfd4996cb3dc -> 
  custom:container-muxer-webm: aa71ff27fc2769a1b78a27578f13a17b -> 
  custom:container-demuxer-webm: 4f35f7cbe854078d1ac9338744f61a02 -> 
  custom:video-encoder-webm-vp8: eb34c28f22e8b96e1ab97ce403110664 -> 
  custom:video-codec-MediaFoundation-h265: 746d11721c4dcdbdad8f713fa42b33f4 -> 
  custom:audio-encoder-webm-vorbis: bf7c407c2cedff20999df2af8eb42d56 -> 
  custom:framework-win-MediaFoundation: 216162199b28c13a410421893ffa2e32 -> 
  custom:container-demuxer-ogg: 62fdf1f143b41e24485cea50d1cbac27 -> 
  custom:video-decoder-webm-vp8: 9c59270c3fd7afecdb556c50c9e8de78 -> 
  custom:audio-decoder-ogg-vorbis: bf7c407c2cedff20999df2af8eb42d56 -> 
========================================================================
Received Prepare
Registering precompiled user dll's ...
Registered in 0.019780 seconds.
Begin MonoManager ReloadAssembly
Symbol file LoadedFromMemory doesn't match image C:\Users\brieh\Documents\_IMGD 1001\Minesweeper-IMGD1001\Project\Library\PackageCache\com.unity.visualscripting@1.7.8\Editor\VisualScripting.Core\Dependencies\YamlDotNet\Unity.VisualScripting.YamlDotNet.dll
Symbol file LoadedFromMemory doesn't match image C:\Users\brieh\Documents\_IMGD 1001\Minesweeper-IMGD1001\Project\Library\PackageCache\com.unity.visualscripting@1.7.8\Editor\VisualScripting.Core\Dependencies\DotNetZip\Unity.VisualScripting.IonicZip.dll
Native extension for WindowsStandalone target not found
Native extension for WebGL target not found
Refreshing native plugins compatible for Editor in 2.27 ms, found 4 plugins.
Preloading 0 native plugins for Editor in 0.00 ms.
Mono: successfully reloaded assembly
- Completed reload, in  2.139 seconds
Domain Reload Profiling:
	ReloadAssembly (2141ms)
		BeginReloadAssembly (275ms)
			ExecutionOrderSort (0ms)
			DisableScriptedObjects (20ms)
			BackupInstance (0ms)
			ReleaseScriptingObjects (0ms)
			CreateAndSetChildDomain (74ms)
		EndReloadAssembly (1669ms)
			LoadAssemblies (187ms)
			RebuildTransferFunctionScriptingTraits (0ms)
			SetupTypeCache (473ms)
			ReleaseScriptCaches (3ms)
			RebuildScriptCaches (93ms)
			SetupLoadedEditorAssemblies (795ms)
				LogAssemblyErrors (0ms)
				InitializePlatformSupportModulesInManaged (29ms)
				SetLoadedEditorAssemblies (1ms)
				RefreshPlugins (2ms)
				BeforeProcessingInitializeOnLoad (175ms)
				ProcessInitializeOnLoadAttributes (479ms)
				ProcessInitializeOnLoadMethodAttributes (91ms)
				AfterProcessingInitializeOnLoad (18ms)
				EditorAssembliesLoaded (0ms)
			ExecutionOrderSort2 (0ms)
			AwakeInstancesAfterBackupRestoration (15ms)
Platform modules already initialized, skipping
Refreshing native plugins compatible for Editor in 6.19 ms, found 4 plugins.
Preloading 0 native plugins for Editor in 0.00 ms.
Unloading 4066 Unused Serialized files (Serialized files now loaded: 0)
Unloading 25 unused Assets / (24.6 KB). Loaded Objects now: 4603.
Memory consumption went from 156.4 MB to 156.4 MB.
Total: 5.908200 ms (FindLiveObjects: 0.506400 ms CreateObjectMapping: 0.206400 ms MarkObjects: 5.107500 ms  DeleteObjects: 0.086100 ms)

AssetImportParameters requested are different than current active one (requested -> active):
  custom:video-decoder-ogg-theora: a1e56fd34408186e4bbccfd4996cb3dc -> 
  custom:container-muxer-webm: aa71ff27fc2769a1b78a27578f13a17b -> 
  custom:container-demuxer-webm: 4f35f7cbe854078d1ac9338744f61a02 -> 
  custom:video-encoder-webm-vp8: eb34c28f22e8b96e1ab97ce403110664 -> 
  custom:video-codec-MediaFoundation-h265: 746d11721c4dcdbdad8f713fa42b33f4 -> 
  custom:audio-encoder-webm-vorbis: bf7c407c2cedff20999df2af8eb42d56 -> 
  custom:framework-win-MediaFoundation: 216162199b28c13a410421893ffa2e32 -> 
  custom:container-demuxer-ogg: 62fdf1f143b41e24485cea50d1cbac27 -> 
  custom:video-decoder-webm-vp8: 9c59270c3fd7afecdb556c50c9e8de78 -> 
  custom:audio-decoder-ogg-vorbis: bf7c407c2cedff20999df2af8eb42d56 -> 
========================================================================
Received Prepare
Registering precompiled user dll's ...
Registered in 0.018069 seconds.
Begin MonoManager ReloadAssembly
Symbol file LoadedFromMemory doesn't match image C:\Users\brieh\Documents\_IMGD 1001\Minesweeper-IMGD1001\Project\Library\PackageCache\com.unity.visualscripting@1.7.8\Editor\VisualScripting.Core\Dependencies\YamlDotNet\Unity.VisualScripting.YamlDotNet.dll
Symbol file LoadedFromMemory doesn't match image C:\Users\brieh\Documents\_IMGD 1001\Minesweeper-IMGD1001\Project\Library\PackageCache\com.unity.visualscripting@1.7.8\Editor\VisualScripting.Core\Dependencies\DotNetZip\Unity.VisualScripting.IonicZip.dll
Native extension for WindowsStandalone target not found
Native extension for WebGL target not found
Refreshing native plugins compatible for Editor in 2.23 ms, found 4 plugins.
Preloading 0 native plugins for Editor in 0.00 ms.
Mono: successfully reloaded assembly
- Completed reload, in  2.313 seconds
Domain Reload Profiling:
	ReloadAssembly (2314ms)
		BeginReloadAssembly (300ms)
			ExecutionOrderSort (0ms)
			DisableScriptedObjects (18ms)
			BackupInstance (0ms)
			ReleaseScriptingObjects (0ms)
			CreateAndSetChildDomain (89ms)
		EndReloadAssembly (1775ms)
			LoadAssemblies (211ms)
			RebuildTransferFunctionScriptingTraits (0ms)
			SetupTypeCache (503ms)
			ReleaseScriptCaches (3ms)
			RebuildScriptCaches (88ms)
			SetupLoadedEditorAssemblies (874ms)
				LogAssemblyErrors (0ms)
				InitializePlatformSupportModulesInManaged (33ms)
				SetLoadedEditorAssemblies (1ms)
				RefreshPlugins (2ms)
				BeforeProcessingInitializeOnLoad (188ms)
				ProcessInitializeOnLoadAttributes (529ms)
				ProcessInitializeOnLoadMethodAttributes (102ms)
				AfterProcessingInitializeOnLoad (17ms)
				EditorAssembliesLoaded (0ms)
			ExecutionOrderSort2 (0ms)
			AwakeInstancesAfterBackupRestoration (21ms)
Platform modules already initialized, skipping
Refreshing native plugins compatible for Editor in 6.17 ms, found 4 plugins.
Preloading 0 native plugins for Editor in 0.00 ms.
Unloading 4066 Unused Serialized files (Serialized files now loaded: 0)
Unloading 25 unused Assets / (24.7 KB). Loaded Objects now: 4606.
Memory consumption went from 156.4 MB to 156.4 MB.
Total: 7.615700 ms (FindLiveObjects: 0.810300 ms CreateObjectMapping: 0.212900 ms MarkObjects: 6.536200 ms  DeleteObjects: 0.054100 ms)

AssetImportParameters requested are different than current active one (requested -> active):
  custom:video-decoder-ogg-theora: a1e56fd34408186e4bbccfd4996cb3dc -> 
  custom:container-muxer-webm: aa71ff27fc2769a1b78a27578f13a17b -> 
  custom:container-demuxer-webm: 4f35f7cbe854078d1ac9338744f61a02 -> 
  custom:video-encoder-webm-vp8: eb34c28f22e8b96e1ab97ce403110664 -> 
  custom:video-codec-MediaFoundation-h265: 746d11721c4dcdbdad8f713fa42b33f4 -> 
  custom:audio-encoder-webm-vorbis: bf7c407c2cedff20999df2af8eb42d56 -> 
  custom:framework-win-MediaFoundation: 216162199b28c13a410421893ffa2e32 -> 
  custom:container-demuxer-ogg: 62fdf1f143b41e24485cea50d1cbac27 -> 
  custom:video-decoder-webm-vp8: 9c59270c3fd7afecdb556c50c9e8de78 -> 
  custom:audio-decoder-ogg-vorbis: bf7c407c2cedff20999df2af8eb42d56 -> 
========================================================================
Received Prepare
Registering precompiled user dll's ...
Registered in 0.016516 seconds.
Begin MonoManager ReloadAssembly
Symbol file LoadedFromMemory doesn't match image C:\Users\brieh\Documents\_IMGD 1001\Minesweeper-IMGD1001\Project\Library\PackageCache\com.unity.visualscripting@1.7.8\Editor\VisualScripting.Core\Dependencies\YamlDotNet\Unity.VisualScripting.YamlDotNet.dll
Symbol file LoadedFromMemory doesn't match image C:\Users\brieh\Documents\_IMGD 1001\Minesweeper-IMGD1001\Project\Library\PackageCache\com.unity.visualscripting@1.7.8\Editor\VisualScripting.Core\Dependencies\DotNetZip\Unity.VisualScripting.IonicZip.dll
Native extension for WindowsStandalone target not found
Native extension for WebGL target not found
Refreshing native plugins compatible for Editor in 1.37 ms, found 4 plugins.
Preloading 0 native plugins for Editor in 0.00 ms.
Mono: successfully reloaded assembly
- Completed reload, in  1.978 seconds
Domain Reload Profiling:
	ReloadAssembly (1980ms)
		BeginReloadAssembly (256ms)
			ExecutionOrderSort (0ms)
			DisableScriptedObjects (14ms)
			BackupInstance (0ms)
			ReleaseScriptingObjects (0ms)
			CreateAndSetChildDomain (70ms)
		EndReloadAssembly (1506ms)
			LoadAssemblies (169ms)
			RebuildTransferFunctionScriptingTraits (0ms)
			SetupTypeCache (398ms)
			ReleaseScriptCaches (3ms)
			RebuildScriptCaches (94ms)
			SetupLoadedEditorAssemblies (742ms)
				LogAssemblyErrors (0ms)
				InitializePlatformSupportModulesInManaged (27ms)
				SetLoadedEditorAssemblies (1ms)
				RefreshPlugins (1ms)
				BeforeProcessingInitializeOnLoad (157ms)
				ProcessInitializeOnLoadAttributes (448ms)
				ProcessInitializeOnLoadMethodAttributes (92ms)
				AfterProcessingInitializeOnLoad (15ms)
				EditorAssembliesLoaded (0ms)
			ExecutionOrderSort2 (0ms)
			AwakeInstancesAfterBackupRestoration (21ms)
Platform modules already initialized, skipping
Refreshing native plugins compatible for Editor in 5.52 ms, found 4 plugins.
Preloading 0 native plugins for Editor in 0.00 ms.
Unloading 4066 Unused Serialized files (Serialized files now loaded: 0)
Unloading 25 unused Assets / (24.6 KB). Loaded Objects now: 4609.
Memory consumption went from 156.4 MB to 156.4 MB.
Total: 5.728500 ms (FindLiveObjects: 0.451800 ms CreateObjectMapping: 0.210900 ms MarkObjects: 5.015500 ms  DeleteObjects: 0.048500 ms)

AssetImportParameters requested are different than current active one (requested -> active):
  custom:video-decoder-ogg-theora: a1e56fd34408186e4bbccfd4996cb3dc -> 
  custom:container-muxer-webm: aa71ff27fc2769a1b78a27578f13a17b -> 
  custom:container-demuxer-webm: 4f35f7cbe854078d1ac9338744f61a02 -> 
  custom:video-encoder-webm-vp8: eb34c28f22e8b96e1ab97ce403110664 -> 
  custom:video-codec-MediaFoundation-h265: 746d11721c4dcdbdad8f713fa42b33f4 -> 
  custom:audio-encoder-webm-vorbis: bf7c407c2cedff20999df2af8eb42d56 -> 
  custom:framework-win-MediaFoundation: 216162199b28c13a410421893ffa2e32 -> 
  custom:container-demuxer-ogg: 62fdf1f143b41e24485cea50d1cbac27 -> 
  custom:video-decoder-webm-vp8: 9c59270c3fd7afecdb556c50c9e8de78 -> 
  custom:audio-decoder-ogg-vorbis: bf7c407c2cedff20999df2af8eb42d56 -> 
========================================================================
Received Prepare
Registering precompiled user dll's ...
Registered in 0.013838 seconds.
Begin MonoManager ReloadAssembly
Symbol file LoadedFromMemory doesn't match image C:\Users\brieh\Documents\_IMGD 1001\Minesweeper-IMGD1001\Project\Library\PackageCache\com.unity.visualscripting@1.7.8\Editor\VisualScripting.Core\Dependencies\YamlDotNet\Unity.VisualScripting.YamlDotNet.dll
Symbol file LoadedFromMemory doesn't match image C:\Users\brieh\Documents\_IMGD 1001\Minesweeper-IMGD1001\Project\Library\PackageCache\com.unity.visualscripting@1.7.8\Editor\VisualScripting.Core\Dependencies\DotNetZip\Unity.VisualScripting.IonicZip.dll
Native extension for WindowsStandalone target not found
Native extension for WebGL target not found
Refreshing native plugins compatible for Editor in 1.98 ms, found 4 plugins.
Preloading 0 native plugins for Editor in 0.00 ms.
Mono: successfully reloaded assembly
- Completed reload, in  2.302 seconds
Domain Reload Profiling:
	ReloadAssembly (2304ms)
		BeginReloadAssembly (239ms)
			ExecutionOrderSort (0ms)
			DisableScriptedObjects (13ms)
			BackupInstance (0ms)
			ReleaseScriptingObjects (1ms)
			CreateAndSetChildDomain (63ms)
		EndReloadAssembly (1828ms)
			LoadAssemblies (185ms)
			RebuildTransferFunctionScriptingTraits (0ms)
			SetupTypeCache (528ms)
			ReleaseScriptCaches (4ms)
			RebuildScriptCaches (104ms)
			SetupLoadedEditorAssemblies (864ms)
				LogAssemblyErrors (0ms)
				InitializePlatformSupportModulesInManaged (33ms)
				SetLoadedEditorAssemblies (1ms)
				RefreshPlugins (2ms)
				BeforeProcessingInitializeOnLoad (180ms)
				ProcessInitializeOnLoadAttributes (530ms)
				ProcessInitializeOnLoadMethodAttributes (98ms)
				AfterProcessingInitializeOnLoad (18ms)
				EditorAssembliesLoaded (1ms)
			ExecutionOrderSort2 (0ms)
			AwakeInstancesAfterBackupRestoration (21ms)
Platform modules already initialized, skipping
Refreshing native plugins compatible for Editor in 6.33 ms, found 4 plugins.
Preloading 0 native plugins for Editor in 0.00 ms.
Unloading 4066 Unused Serialized files (Serialized files now loaded: 0)
Unloading 25 unused Assets / (24.7 KB). Loaded Objects now: 4612.
Memory consumption went from 156.4 MB to 156.4 MB.
Total: 7.891800 ms (FindLiveObjects: 0.716500 ms CreateObjectMapping: 0.258100 ms MarkObjects: 6.864400 ms  DeleteObjects: 0.051100 ms)

AssetImportParameters requested are different than current active one (requested -> active):
  custom:video-decoder-ogg-theora: a1e56fd34408186e4bbccfd4996cb3dc -> 
  custom:container-muxer-webm: aa71ff27fc2769a1b78a27578f13a17b -> 
  custom:container-demuxer-webm: 4f35f7cbe854078d1ac9338744f61a02 -> 
  custom:video-encoder-webm-vp8: eb34c28f22e8b96e1ab97ce403110664 -> 
  custom:video-codec-MediaFoundation-h265: 746d11721c4dcdbdad8f713fa42b33f4 -> 
  custom:audio-encoder-webm-vorbis: bf7c407c2cedff20999df2af8eb42d56 -> 
  custom:framework-win-MediaFoundation: 216162199b28c13a410421893ffa2e32 -> 
  custom:container-demuxer-ogg: 62fdf1f143b41e24485cea50d1cbac27 -> 
  custom:video-decoder-webm-vp8: 9c59270c3fd7afecdb556c50c9e8de78 -> 
  custom:audio-decoder-ogg-vorbis: bf7c407c2cedff20999df2af8eb42d56 -> 
========================================================================
Received Import Request.
  Time since last request: 204.455392 seconds.
  path: Assets/Sprites/MC/ancient_debris_top.png
  artifactKey: Guid(256a22a17aa42c845bb8695aeaa66f7b) Importer(815301076,1909f56bfc062723c751e8b465ee728b)
Start importing Assets/Sprites/MC/ancient_debris_top.png using Guid(256a22a17aa42c845bb8695aeaa66f7b) Importer(815301076,1909f56bfc062723c751e8b465ee728b)  -> (artifact id: '78cd3ca116499c62b79d9a6f1fd72b19') in 0.137438 seconds 
========================================================================
Received Import Request.
  Time since last request: 0.000039 seconds.
  path: Assets/Sprites/MC/deepslate.png
  artifactKey: Guid(fa8bb141ca302bc4d8c7774f8a91f473) Importer(815301076,1909f56bfc062723c751e8b465ee728b)
Start importing Assets/Sprites/MC/deepslate.png using Guid(fa8bb141ca302bc4d8c7774f8a91f473) Importer(815301076,1909f56bfc062723c751e8b465ee728b)  -> (artifact id: '303e9e738fe10e06cc5a29374624e7bc') in 0.027211 seconds 
========================================================================
Received Import Request.
  Time since last request: 0.000042 seconds.
  path: Assets/Sprites/MC/blackstone.png
  artifactKey: Guid(a34da9ea3d67ef34d9339af825558b9c) Importer(815301076,1909f56bfc062723c751e8b465ee728b)
Start importing Assets/Sprites/MC/blackstone.png using Guid(a34da9ea3d67ef34d9339af825558b9c) Importer(815301076,1909f56bfc062723c751e8b465ee728b)  -> (artifact id: '77af7091048e3656a1778ef04a0ae711') in 0.022765 seconds 
========================================================================
Received Import Request.
  Time since last request: 0.000053 seconds.
  path: Assets/Sprites/MC/dirt.png
  artifactKey: Guid(de551fa8084603248b68ed5df3ca2450) Importer(815301076,1909f56bfc062723c751e8b465ee728b)
Start importing Assets/Sprites/MC/dirt.png using Guid(de551fa8084603248b68ed5df3ca2450) Importer(815301076,1909f56bfc062723c751e8b465ee728b)  -> (artifact id: '123aae563e032b82eb86b8a7e21402c2') in 0.019553 seconds 
========================================================================
Received Import Request.
  Time since last request: 0.000060 seconds.
  path: Assets/Sprites/MC/cobblestone.png
  artifactKey: Guid(d180b02ac5838514bb8b1f6747bdb246) Importer(815301076,1909f56bfc062723c751e8b465ee728b)
Start importing Assets/Sprites/MC/cobblestone.png using Guid(d180b02ac5838514bb8b1f6747bdb246) Importer(815301076,1909f56bfc062723c751e8b465ee728b)  -> (artifact id: 'c13e774a85541c7f5642b484f713072a') in 0.018535 seconds 
========================================================================
Received Prepare
Registering precompiled user dll's ...
Registered in 0.019180 seconds.
Begin MonoManager ReloadAssembly
Symbol file LoadedFromMemory doesn't match image C:\Users\brieh\Documents\_IMGD 1001\Minesweeper-IMGD1001\Project\Library\PackageCache\com.unity.visualscripting@1.7.8\Editor\VisualScripting.Core\Dependencies\YamlDotNet\Unity.VisualScripting.YamlDotNet.dll
Symbol file LoadedFromMemory doesn't match image C:\Users\brieh\Documents\_IMGD 1001\Minesweeper-IMGD1001\Project\Library\PackageCache\com.unity.visualscripting@1.7.8\Editor\VisualScripting.Core\Dependencies\DotNetZip\Unity.VisualScripting.IonicZip.dll
Native extension for WindowsStandalone target not found
Native extension for WebGL target not found
Refreshing native plugins compatible for Editor in 1.88 ms, found 4 plugins.
Preloading 0 native plugins for Editor in 0.00 ms.
Mono: successfully reloaded assembly
- Completed reload, in  2.337 seconds
Domain Reload Profiling:
	ReloadAssembly (2338ms)
		BeginReloadAssembly (248ms)
			ExecutionOrderSort (0ms)
			DisableScriptedObjects (18ms)
			BackupInstance (0ms)
			ReleaseScriptingObjects (0ms)
			CreateAndSetChildDomain (78ms)
		EndReloadAssembly (1831ms)
			LoadAssemblies (166ms)
			RebuildTransferFunctionScriptingTraits (0ms)
			SetupTypeCache (534ms)
			ReleaseScriptCaches (3ms)
			RebuildScriptCaches (114ms)
			SetupLoadedEditorAssemblies (851ms)
				LogAssemblyErrors (0ms)
				InitializePlatformSupportModulesInManaged (32ms)
				SetLoadedEditorAssemblies (1ms)
				RefreshPlugins (2ms)
				BeforeProcessingInitializeOnLoad (178ms)
				ProcessInitializeOnLoadAttributes (524ms)
				ProcessInitializeOnLoadMethodAttributes (97ms)
				AfterProcessingInitializeOnLoad (17ms)
				EditorAssembliesLoaded (0ms)
			ExecutionOrderSort2 (0ms)
			AwakeInstancesAfterBackupRestoration (20ms)
Platform modules already initialized, skipping
Refreshing native plugins compatible for Editor in 7.79 ms, found 4 plugins.
Preloading 0 native plugins for Editor in 0.00 ms.
Unloading 4066 Unused Serialized files (Serialized files now loaded: 0)
Unloading 25 unused Assets / (24.7 KB). Loaded Objects now: 4615.
Memory consumption went from 156.4 MB to 156.4 MB.
Total: 7.449500 ms (FindLiveObjects: 0.792100 ms CreateObjectMapping: 0.336700 ms MarkObjects: 6.228000 ms  DeleteObjects: 0.090800 ms)

AssetImportParameters requested are different than current active one (requested -> active):
  custom:video-decoder-ogg-theora: a1e56fd34408186e4bbccfd4996cb3dc -> 
  custom:container-muxer-webm: aa71ff27fc2769a1b78a27578f13a17b -> 
  custom:container-demuxer-webm: 4f35f7cbe854078d1ac9338744f61a02 -> 
  custom:video-encoder-webm-vp8: eb34c28f22e8b96e1ab97ce403110664 -> 
  custom:video-codec-MediaFoundation-h265: 746d11721c4dcdbdad8f713fa42b33f4 -> 
  custom:audio-encoder-webm-vorbis: bf7c407c2cedff20999df2af8eb42d56 -> 
  custom:framework-win-MediaFoundation: 216162199b28c13a410421893ffa2e32 -> 
  custom:container-demuxer-ogg: 62fdf1f143b41e24485cea50d1cbac27 -> 
  custom:video-decoder-webm-vp8: 9c59270c3fd7afecdb556c50c9e8de78 -> 
  custom:audio-decoder-ogg-vorbis: bf7c407c2cedff20999df2af8eb42d56 -> 
========================================================================
Received Prepare
Registering precompiled user dll's ...
Registered in 0.016716 seconds.
Begin MonoManager ReloadAssembly
Symbol file LoadedFromMemory doesn't match image C:\Users\brieh\Documents\_IMGD 1001\Minesweeper-IMGD1001\Project\Library\PackageCache\com.unity.visualscripting@1.7.8\Editor\VisualScripting.Core\Dependencies\YamlDotNet\Unity.VisualScripting.YamlDotNet.dll
Symbol file LoadedFromMemory doesn't match image C:\Users\brieh\Documents\_IMGD 1001\Minesweeper-IMGD1001\Project\Library\PackageCache\com.unity.visualscripting@1.7.8\Editor\VisualScripting.Core\Dependencies\DotNetZip\Unity.VisualScripting.IonicZip.dll
Native extension for WindowsStandalone target not found
Native extension for WebGL target not found
Refreshing native plugins compatible for Editor in 2.44 ms, found 4 plugins.
Preloading 0 native plugins for Editor in 0.00 ms.
Mono: successfully reloaded assembly
- Completed reload, in  2.346 seconds
Domain Reload Profiling:
	ReloadAssembly (2347ms)
		BeginReloadAssembly (284ms)
			ExecutionOrderSort (0ms)
			DisableScriptedObjects (13ms)
			BackupInstance (0ms)
			ReleaseScriptingObjects (0ms)
			CreateAndSetChildDomain (71ms)
		EndReloadAssembly (1804ms)
			LoadAssemblies (222ms)
			RebuildTransferFunctionScriptingTraits (0ms)
			SetupTypeCache (501ms)
			ReleaseScriptCaches (3ms)
			RebuildScriptCaches (98ms)
			SetupLoadedEditorAssemblies (871ms)
				LogAssemblyErrors (0ms)
				InitializePlatformSupportModulesInManaged (32ms)
				SetLoadedEditorAssemblies (1ms)
				RefreshPlugins (3ms)
				BeforeProcessingInitializeOnLoad (180ms)
				ProcessInitializeOnLoadAttributes (537ms)
				ProcessInitializeOnLoadMethodAttributes (101ms)
				AfterProcessingInitializeOnLoad (17ms)
				EditorAssembliesLoaded (0ms)
			ExecutionOrderSort2 (0ms)
			AwakeInstancesAfterBackupRestoration (20ms)
Platform modules already initialized, skipping
Refreshing native plugins compatible for Editor in 6.14 ms, found 4 plugins.
Preloading 0 native plugins for Editor in 0.00 ms.
Unloading 4066 Unused Serialized files (Serialized files now loaded: 0)
Unloading 25 unused Assets / (24.6 KB). Loaded Objects now: 4618.
Memory consumption went from 156.5 MB to 156.4 MB.
Total: 6.755500 ms (FindLiveObjects: 0.774800 ms CreateObjectMapping: 0.255100 ms MarkObjects: 5.679100 ms  DeleteObjects: 0.043500 ms)

AssetImportParameters requested are different than current active one (requested -> active):
  custom:video-decoder-ogg-theora: a1e56fd34408186e4bbccfd4996cb3dc -> 
  custom:container-muxer-webm: aa71ff27fc2769a1b78a27578f13a17b -> 
  custom:container-demuxer-webm: 4f35f7cbe854078d1ac9338744f61a02 -> 
  custom:video-encoder-webm-vp8: eb34c28f22e8b96e1ab97ce403110664 -> 
  custom:video-codec-MediaFoundation-h265: 746d11721c4dcdbdad8f713fa42b33f4 -> 
  custom:audio-encoder-webm-vorbis: bf7c407c2cedff20999df2af8eb42d56 -> 
  custom:framework-win-MediaFoundation: 216162199b28c13a410421893ffa2e32 -> 
  custom:container-demuxer-ogg: 62fdf1f143b41e24485cea50d1cbac27 -> 
  custom:video-decoder-webm-vp8: 9c59270c3fd7afecdb556c50c9e8de78 -> 
  custom:audio-decoder-ogg-vorbis: bf7c407c2cedff20999df2af8eb42d56 -> 
